<?xml version="1.0" encoding="UTF-8"?>
<testsuite xmlns:xsi="http://www.w3.org/2001/XMLSchema-instance" xsi:noNamespaceSchemaLocation="https://maven.apache.org/surefire/maven-surefire-plugin/xsd/surefire-test-report-3.0.xsd" version="3.0" name="TestSuite" time="265.852" tests="15" errors="0" skipped="0" failures="4">
  <properties>
[...]
</properties>
  <testcase name="setLogoSignTest" classname="homeTest.HomeClassTest" time="2.754">
    <system-out><![CDATA[Extent Report Directory/Users/ramdaneameur/IdeaProjects/general_Automation_Framework/Ebay/target/surefire-reports/html
HomeClassTest: set Logo Sign Test
]]></system-out>
    <system-err><![CDATA[Starting ChromeDriver 85.0.4183.87 (cd6713ebf92fa1cacc0f1a598df280093af0c5d7-refs/branch-heads/4183@{#1689}) on port 11853
Only local connections are allowed.
Please see https://chromedriver.chromium.org/security-considerations for suggestions on keeping ChromeDriver safe.
ChromeDriver was started successfully.
Sep 02, 2020 11:10:10 PM org.openqa.selenium.remote.ProtocolHandshake createSession
INFO: Detected dialect: W3C
]]></system-err>
  </testcase>
  <testcase name="setLogoSignValidationTest" classname="homeTest.HomeClassTest" time="5.841">
    <system-out><![CDATA[HomeClassTest: set Logo Sign Validation Test
HomeClassTest: set Logo Sign Test
]]></system-out>
    <system-err><![CDATA[Starting ChromeDriver 85.0.4183.87 (cd6713ebf92fa1cacc0f1a598df280093af0c5d7-refs/branch-heads/4183@{#1689}) on port 14600
Only local connections are allowed.
Please see https://chromedriver.chromium.org/security-considerations for suggestions on keeping ChromeDriver safe.
ChromeDriver was started successfully.
Sep 02, 2020 11:10:16 PM org.openqa.selenium.remote.ProtocolHandshake createSession
INFO: Detected dialect: W3C
]]></system-err>
  </testcase>
  <testcase name="setBoatTest" classname="homeTest.MotorsClassTest" time="7.344">
    <system-out><![CDATA[MotorsClassTest: set Boat Test
]]></system-out>
    <system-err><![CDATA[Starting ChromeDriver 85.0.4183.87 (cd6713ebf92fa1cacc0f1a598df280093af0c5d7-refs/branch-heads/4183@{#1689}) on port 8368
Only local connections are allowed.
Please see https://chromedriver.chromium.org/security-considerations for suggestions on keeping ChromeDriver safe.
ChromeDriver was started successfully.
Sep 02, 2020 11:10:24 PM org.openqa.selenium.remote.ProtocolHandshake createSession
INFO: Detected dialect: W3C
]]></system-err>
  </testcase>
  <testcase name="setBoatVerificationTest" classname="homeTest.MotorsClassTest" time="7.344">
    <system-out><![CDATA[MotorsClassTest: set Boat Verification Test
MotorsClassTest: set Boat Test
]]></system-out>
    <system-err><![CDATA[Starting ChromeDriver 85.0.4183.87 (cd6713ebf92fa1cacc0f1a598df280093af0c5d7-refs/branch-heads/4183@{#1689}) on port 16450
Only local connections are allowed.
Please see https://chromedriver.chromium.org/security-considerations for suggestions on keeping ChromeDriver safe.
ChromeDriver was started successfully.
Sep 02, 2020 11:10:33 PM org.openqa.selenium.remote.ProtocolHandshake createSession
INFO: Detected dialect: W3C
]]></system-err>
  </testcase>
  <testcase name="setClassicTest" classname="homeTest.MotorsClassTest" time="6.922">
    <system-out><![CDATA[MotorsClassTest: set Classic Test
]]></system-out>
    <system-err><![CDATA[Starting ChromeDriver 85.0.4183.87 (cd6713ebf92fa1cacc0f1a598df280093af0c5d7-refs/branch-heads/4183@{#1689}) on port 44843
Only local connections are allowed.
Please see https://chromedriver.chromium.org/security-considerations for suggestions on keeping ChromeDriver safe.
ChromeDriver was started successfully.
Sep 02, 2020 11:10:43 PM org.openqa.selenium.remote.ProtocolHandshake createSession
INFO: Detected dialect: W3C
]]></system-err>
  </testcase>
  <testcase name="setClassicVerificationTest" classname="homeTest.MotorsClassTest" time="6.979">
    <system-out><![CDATA[MotorsClassTest: set Classic Verification Test
MotorsClassTest: set Classic Test
]]></system-out>
    <system-err><![CDATA[Starting ChromeDriver 85.0.4183.87 (cd6713ebf92fa1cacc0f1a598df280093af0c5d7-refs/branch-heads/4183@{#1689}) on port 16048
Only local connections are allowed.
Please see https://chromedriver.chromium.org/security-considerations for suggestions on keeping ChromeDriver safe.
ChromeDriver was started successfully.
Sep 02, 2020 11:10:52 PM org.openqa.selenium.remote.ProtocolHandshake createSession
INFO: Detected dialect: W3C
]]></system-err>
  </testcase>
  <testcase name="setMotorCycleVerificationTest" classname="homeTest.MotorsClassTest" time="7.376">
    <system-out><![CDATA[MotorsClassTest: set Motor Cycle Verification Test
MotorsClassTest: set Motor Cycles Test
]]></system-out>
    <system-err><![CDATA[Starting ChromeDriver 85.0.4183.87 (cd6713ebf92fa1cacc0f1a598df280093af0c5d7-refs/branch-heads/4183@{#1689}) on port 37977
Only local connections are allowed.
Please see https://chromedriver.chromium.org/security-considerations for suggestions on keeping ChromeDriver safe.
ChromeDriver was started successfully.
Sep 02, 2020 11:11:01 PM org.openqa.selenium.remote.ProtocolHandshake createSession
INFO: Detected dialect: W3C
]]></system-err>
  </testcase>
  <testcase name="setMotorCyclesTest" classname="homeTest.MotorsClassTest" time="7.829">
    <system-out><![CDATA[MotorsClassTest: set Motor Cycles Test
]]></system-out>
    <system-err><![CDATA[Starting ChromeDriver 85.0.4183.87 (cd6713ebf92fa1cacc0f1a598df280093af0c5d7-refs/branch-heads/4183@{#1689}) on port 43872
Only local connections are allowed.
Please see https://chromedriver.chromium.org/security-considerations for suggestions on keeping ChromeDriver safe.
ChromeDriver was started successfully.
Sep 02, 2020 11:11:11 PM org.openqa.selenium.remote.ProtocolHandshake createSession
INFO: Detected dialect: W3C
]]></system-err>
  </testcase>
  <testcase name="setDragAndDropsTest" classname="regressionTest.DragAndDropClassTest" time="10.053">
    <failure message="java.lang.reflect.InvocationTargetException&#10;Build info: version: &apos;3.141.59&apos;, revision: &apos;e82be7d358&apos;, time: &apos;2018-11-14T08:17:03&apos;&#10;System info: host: &apos;MacBook-Pro-2.home&apos;, ip: &apos;fd4b:8d38:69ba:1:d141:bba4:860f:aef5%en0&apos;, os.name: &apos;Mac OS X&apos;, os.arch: &apos;x86_64&apos;, os.version: &apos;10.15.6&apos;, java.version: &apos;14.0.1&apos;&#10;Driver info: driver.version: RemoteWebDriver" type="org.openqa.selenium.json.JsonException"><![CDATA[org.openqa.selenium.json.JsonException: 
java.lang.reflect.InvocationTargetException
Build info: version: '3.141.59', revision: 'e82be7d358', time: '2018-11-14T08:17:03'
System info: host: 'MacBook-Pro-2.home', ip: 'fd4b:8d38:69ba:1:d141:bba4:860f:aef5%en0', os.name: 'Mac OS X', os.arch: 'x86_64', os.version: '10.15.6', java.version: '14.0.1'
Driver info: driver.version: RemoteWebDriver
	at regressionTest.DragAndDropClassTest.setDragAndDropsTest(DragAndDropClassTest.java:21)
Caused by: java.lang.reflect.InvocationTargetException
	at regressionTest.DragAndDropClassTest.setDragAndDropsTest(DragAndDropClassTest.java:21)
Caused by: org.openqa.selenium.NoSuchElementException: 
no such element: Unable to locate element: {"method":"xpath","selector":"//a[contains(text(),'BANK')]"}
  (Session info: chrome=85.0.4183.83)
For documentation on this error, please visit: https://www.seleniumhq.org/exceptions/no_such_element.html
Build info: version: '3.141.59', revision: 'e82be7d358', time: '2018-11-14T08:17:03'
System info: host: 'MacBook-Pro-2.home', ip: 'fd4b:8d38:69ba:1:d141:bba4:860f:aef5%en0', os.name: 'Mac OS X', os.arch: 'x86_64', os.version: '10.15.6', java.version: '14.0.1'
Driver info: org.openqa.selenium.chrome.ChromeDriver
Capabilities {acceptInsecureCerts: false, browserName: chrome, browserVersion: 85.0.4183.83, chrome: {chromedriverVersion: 85.0.4183.87 (cd6713ebf92fa..., userDataDir: /var/folders/wz/dgqm41w90yg...}, goog:chromeOptions: {debuggerAddress: localhost:54642}, javascriptEnabled: true, networkConnectionEnabled: false, pageLoadStrategy: normal, platform: MAC, platformName: MAC, proxy: Proxy(), setWindowRect: true, strictFileInteractability: false, timeouts: {implicit: 0, pageLoad: 300000, script: 30000}, unhandledPromptBehavior: dismiss and notify, webauthn:virtualAuthenticators: true}
Session ID: a7d8fc1d9c835157576185b9e393f255
*** Element info: {Using=xpath, value=//a[contains(text(),'BANK')]}
	at regressionTest.DragAndDropClassTest.setDragAndDropsTest(DragAndDropClassTest.java:21)
]]></failure>
    <system-out><![CDATA[DragAndDropClassTest: set Drag And Drops Test
]]></system-out>
    <system-err><![CDATA[Starting ChromeDriver 85.0.4183.87 (cd6713ebf92fa1cacc0f1a598df280093af0c5d7-refs/branch-heads/4183@{#1689}) on port 31924
Only local connections are allowed.
Please see https://chromedriver.chromium.org/security-considerations for suggestions on keeping ChromeDriver safe.
ChromeDriver was started successfully.
Sep 02, 2020 11:11:21 PM org.openqa.selenium.remote.ProtocolHandshake createSession
INFO: Detected dialect: W3C
]]></system-err>
  </testcase>
  <testcase name="setDragAndDropsValidationTest" classname="regressionTest.DragAndDropClassTest" time="10.053">
    <failure message="java.lang.reflect.InvocationTargetException&#10;Build info: version: &apos;3.141.59&apos;, revision: &apos;e82be7d358&apos;, time: &apos;2018-11-14T08:17:03&apos;&#10;System info: host: &apos;MacBook-Pro-2.home&apos;, ip: &apos;fd4b:8d38:69ba:1:d141:bba4:860f:aef5%en0&apos;, os.name: &apos;Mac OS X&apos;, os.arch: &apos;x86_64&apos;, os.version: &apos;10.15.6&apos;, java.version: &apos;14.0.1&apos;&#10;Driver info: driver.version: RemoteWebDriver" type="org.openqa.selenium.json.JsonException"><![CDATA[org.openqa.selenium.json.JsonException: 
java.lang.reflect.InvocationTargetException
Build info: version: '3.141.59', revision: 'e82be7d358', time: '2018-11-14T08:17:03'
System info: host: 'MacBook-Pro-2.home', ip: 'fd4b:8d38:69ba:1:d141:bba4:860f:aef5%en0', os.name: 'Mac OS X', os.arch: 'x86_64', os.version: '10.15.6', java.version: '14.0.1'
Driver info: driver.version: RemoteWebDriver
	at regressionTest.DragAndDropClassTest.setDragAndDropsTest(DragAndDropClassTest.java:21)
	at regressionTest.DragAndDropClassTest.setDragAndDropsValidationTest(DragAndDropClassTest.java:27)
Caused by: java.lang.reflect.InvocationTargetException
	at regressionTest.DragAndDropClassTest.setDragAndDropsTest(DragAndDropClassTest.java:21)
	at regressionTest.DragAndDropClassTest.setDragAndDropsValidationTest(DragAndDropClassTest.java:27)
Caused by: org.openqa.selenium.NoSuchElementException: 
no such element: Unable to locate element: {"method":"xpath","selector":"//a[contains(text(),'BANK')]"}
  (Session info: chrome=85.0.4183.83)
For documentation on this error, please visit: https://www.seleniumhq.org/exceptions/no_such_element.html
Build info: version: '3.141.59', revision: 'e82be7d358', time: '2018-11-14T08:17:03'
System info: host: 'MacBook-Pro-2.home', ip: 'fd4b:8d38:69ba:1:d141:bba4:860f:aef5%en0', os.name: 'Mac OS X', os.arch: 'x86_64', os.version: '10.15.6', java.version: '14.0.1'
Driver info: org.openqa.selenium.chrome.ChromeDriver
Capabilities {acceptInsecureCerts: false, browserName: chrome, browserVersion: 85.0.4183.83, chrome: {chromedriverVersion: 85.0.4183.87 (cd6713ebf92fa..., userDataDir: /var/folders/wz/dgqm41w90yg...}, goog:chromeOptions: {debuggerAddress: localhost:54760}, javascriptEnabled: true, networkConnectionEnabled: false, pageLoadStrategy: normal, platform: MAC, platformName: MAC, proxy: Proxy(), setWindowRect: true, strictFileInteractability: false, timeouts: {implicit: 0, pageLoad: 300000, script: 30000}, unhandledPromptBehavior: dismiss and notify, webauthn:virtualAuthenticators: true}
Session ID: 2d7fdf236553097c42c72ad5e77f616b
*** Element info: {Using=xpath, value=//a[contains(text(),'BANK')]}
	at regressionTest.DragAndDropClassTest.setDragAndDropsTest(DragAndDropClassTest.java:21)
	at regressionTest.DragAndDropClassTest.setDragAndDropsValidationTest(DragAndDropClassTest.java:27)
]]></failure>
    <system-out><![CDATA[Screenshot captured
DragAndDropClassTest: set Drag And Drops Validation Test
DragAndDropClassTest: set Drag And Drops Test
]]></system-out>
    <system-err><![CDATA[Starting ChromeDriver 85.0.4183.87 (cd6713ebf92fa1cacc0f1a598df280093af0c5d7-refs/branch-heads/4183@{#1689}) on port 46883
Only local connections are allowed.
Please see https://chromedriver.chromium.org/security-considerations for suggestions on keeping ChromeDriver safe.
ChromeDriver was started successfully.
Sep 02, 2020 11:11:35 PM org.openqa.selenium.remote.ProtocolHandshake createSession
INFO: Detected dialect: W3C
]]></system-err>
  </testcase>
  <testcase name="ebayLinksActivlinksTest" classname="regressionTest.BrokenLinksTest" time="142.766">
    <failure message="no such window: window was already closed&#10;  (Session info: chrome=85.0.4183.83)&#10;Build info: version: &apos;3.141.59&apos;, revision: &apos;e82be7d358&apos;, time: &apos;2018-11-14T08:17:03&apos;&#10;System info: host: &apos;MacBook-Pro-2.home&apos;, ip: &apos;fd4b:8d38:69ba:1:d141:bba4:860f:aef5%en0&apos;, os.name: &apos;Mac OS X&apos;, os.arch: &apos;x86_64&apos;, os.version: &apos;10.15.6&apos;, java.version: &apos;14.0.1&apos;&#10;Driver info: org.openqa.selenium.chrome.ChromeDriver&#10;Capabilities {acceptInsecureCerts: false, browserName: chrome, browserVersion: 85.0.4183.83, chrome: {chromedriverVersion: 85.0.4183.87 (cd6713ebf92fa..., userDataDir: /var/folders/wz/dgqm41w90yg...}, goog:chromeOptions: {debuggerAddress: localhost:54892}, javascriptEnabled: true, networkConnectionEnabled: false, pageLoadStrategy: normal, platform: MAC, platformName: MAC, proxy: Proxy(), setWindowRect: true, strictFileInteractability: false, timeouts: {implicit: 0, pageLoad: 300000, script: 30000}, unhandledPromptBehavior: dismiss and notify, webauthn:virtualAuthenticators: true}&#10;Session ID: 3d5e65625682fe50bcab17b43d8ec130" type="org.openqa.selenium.NoSuchWindowException"><![CDATA[org.openqa.selenium.NoSuchWindowException: 
no such window: window was already closed
  (Session info: chrome=85.0.4183.83)
Build info: version: '3.141.59', revision: 'e82be7d358', time: '2018-11-14T08:17:03'
System info: host: 'MacBook-Pro-2.home', ip: 'fd4b:8d38:69ba:1:d141:bba4:860f:aef5%en0', os.name: 'Mac OS X', os.arch: 'x86_64', os.version: '10.15.6', java.version: '14.0.1'
Driver info: org.openqa.selenium.chrome.ChromeDriver
Capabilities {acceptInsecureCerts: false, browserName: chrome, browserVersion: 85.0.4183.83, chrome: {chromedriverVersion: 85.0.4183.87 (cd6713ebf92fa..., userDataDir: /var/folders/wz/dgqm41w90yg...}, goog:chromeOptions: {debuggerAddress: localhost:54892}, javascriptEnabled: true, networkConnectionEnabled: false, pageLoadStrategy: normal, platform: MAC, platformName: MAC, proxy: Proxy(), setWindowRect: true, strictFileInteractability: false, timeouts: {implicit: 0, pageLoad: 300000, script: 30000}, unhandledPromptBehavior: dismiss and notify, webauthn:virtualAuthenticators: true}
Session ID: 3d5e65625682fe50bcab17b43d8ec130
	at regressionTest.BrokenLinksTest.ebayLinksActivlinksTest(BrokenLinksTest.java:30)
]]></failure>
    <system-out><![CDATA[Screenshot captured
BrokenLinksTest: ebay Links Activlinks Test
Total links is 416
Total activelinks is 416
https://www.ebay.com/#mainContent OK 200
https://www.ebay.com/ OK 200
https://www.ebay.com/b/Collectibles-Art/bn_7000259855 OK 200
https://www.ebay.com/b/Collectibles/1/bn_1858810 OK 200
https://www.ebay.com/b/Coins-Paper-Money/11116/bn_1857806 OK 200
https://www.ebay.com/b/Antiques/20081/bn_1851017 OK 200
https://www.ebay.com/b/Sports-Memorabilia-Fan-Shop-Sports-Cards/64482/bn_1857919 OK 200
https://www.ebay.com/b/Electronics/bn_7000259124 OK 200
https://www.ebay.com/b/Computers-Tablets-Network-Hardware/58058/bn_1865247 OK 200
https://www.ebay.com/b/Cameras-Photo/625/bn_1865546 OK 200
https://www.ebay.com/b/TV-Video-Home-Audio-Electronics/32852/bn_1648392 OK 200
https://www.ebay.com/b/Cell-Phones-Smart-Watches-Accessories/15032/bn_1865441 OK 200
https://www.ebay.com/b/Entertainment-Memorabilia/45100/bn_1859756 OK 200
https://www.ebay.com/b/Video-Games-Consoles/1249/bn_1850232 OK 200
https://www.ebay.com/b/Music/bn_7000710860 OK 200
https://www.ebay.com/b/DVDs-Blu-ray-Discs/617/bn_223828 OK 200
https://www.ebay.com/b/Tickets-Experiences/1305/bn_1861080 OK 200
https://www.ebay.com/b/Fashion/bn_7000259856 OK 200
https://www.ebay.com/b/Womens-Clothing/15724/bn_661783 OK 200
https://www.ebay.com/b/Mens-Clothing/1059/bn_696958 OK 200
https://www.ebay.com/b/Watches-Parts-Accessories/14324/bn_2408535 OK 200
https://www.ebay.com/b/Shoes/bn_7000259122 OK 200
https://www.ebay.com/b/Home-Garden/11700/bn_1853126 OK 200
https://www.ebay.com/b/Yard-Garden-Outdoor-Living-Items/159912/bn_1853607 OK 200
https://www.ebay.com/b/Art-Craft-Supplies/14339/bn_1851051 OK 200
https://www.ebay.com/b/Home-Improvement/159907/bn_1851980 OK 200
https://www.ebay.com/b/Pet-Supplies/1281/bn_1853597 OK 200
https://www.ebay.com/b/Auto-Parts-and-Vehicles/6000/bn_1865334 OK 200
https://www.ebay.com/b/Auto-Parts-Accessories/6028/bn_569479 OK 200
https://www.ebay.com/b/Cars-Trucks/6001/bn_1865117 OK 200
https://www.ebay.com/b/Motorcycles/6024/bn_1865434 OK 200
https://www.ebay.com/b/Other-Vehicles-Trailers/6038/bn_1865426 OK 200
https://www.ebay.com/b/Sporting-Goods/888/bn_1865031 OK 200
https://www.ebay.com/b/Outdoor-Sports/159043/bn_1855398 OK 200
https://www.ebay.com/b/Team-Sports/159049/bn_1865097 OK 200
https://www.ebay.com/b/Fitness-Running-Yoga-Equipment/15273/bn_1855426 OK 200
https://www.ebay.com/b/Golf-Equipment/1513/bn_1849088 OK 200
https://www.ebay.com/b/Toys-Hobbies/220/bn_1865497 OK 200
https://www.ebay.com/b/Vintage-Antique-Toys/717/bn_1860860 OK 200
https://www.ebay.com/b/Kids-Toys-Hobbies/220/bn_80740459 OK 200
https://www.ebay.com/b/Action-Figures/246/bn_1648288 OK 200
https://www.ebay.com/b/Dolls-Teddy-Bears/237/bn_1865477 OK 200
https://www.ebay.com/n/all-categories OK 200
https://www.ebay.com/b/Gift-Cards-Coupons/172008/bn_1858592 OK 200
https://www.ebay.com/b/Health-Beauty/26395/bn_1865479 OK 200
https://www.ebay.com/b/Musical-Instruments-Gear/619/bn_1865601 OK 200
https://www.ebay.com/b/Business-Industrial/12576/bn_1853744 OK 200
https://www.ebay.com/n/all-brands OK 200
https://www.ebay.com/n/all-categories OK 200
https://www.ebay.com/sch/ebayadvsearch OK 200
https://signin.ebay.com/ws/eBayISAPI.dll?SignIn&ru=https%3A%2F%2Fwww.ebay.com%2F Not Allowed 405
https://reg.ebay.com/reg/PartialReg?ru=https%3A%2F%2Fwww.ebay.com%2F Method Not Allowed 405
https://www.ebay.com/deals OK 200
https://www.ebay.com/b/Brand-Outlet/bn_7115532402 OK 200
https://ocsnext.ebay.com/ocs/home OK 200
https://pages.ebay.com/25/ OK 200
https://www.ebay.com/sl/sell OK 200
https://www.ebay.com/mye/myebay/watchlist Not Allowed 405
https://www.ebay.com/#gh-wl-click OK 200
https://signin.ebay.com/ws/eBayISAPI.dll?SignIn&ru=ru Not Allowed 405
https://my.ebay.com/ws/eBayISAPI.dll?MyEbay&gbh=1 Not Allowed 405
https://www.ebay.com/#gh-eb-My OK 200
https://www.ebay.com/myb/Summary Not Allowed 405
https://www.ebay.com/myb/container?key=recentlyviewed Not Allowed 405
https://www.ebay.com/myb/BidsOffers Not Allowed 405
https://www.ebay.com/mye/myebay/watchlist Not Allowed 405
https://www.ebay.com/myb/PurchaseHistory Not Allowed 405
https://www.ebay.com/mye/buyagain OK 200
https://my.ebay.com/ws/eBayISAPI.dll?MyEbay&gbh=1&CurrentPage=MyeBayAllSelling&ssPageName=STRK:ME:LNLK:MESX Not Allowed 405
https://www.ebay.com/myb/SavedSearches Not Allowed 405
https://www.ebay.com/myb/SavedSellers Not Allowed 405
https://mesg.ebay.com/mesgweb/ViewMessages/0 Not Allowed 405
https://cart.ebay.com/ OK 200
https://www.ebay.com/#gh-minicart-hover OK 200
https://www.ebay.com/feed Not Allowed 405
https://www.ebay.com/b/Auto-Parts-and-Vehicles/6000/bn_1865334 OK 200
https://www.ebay.com/b/Auto-Parts-Accessories/6028/bn_569479 OK 200
https://www.ebay.com/b/Car-Truck-Parts/6030/bn_562630 OK 200
https://www.ebay.com/b/Motorcycle-Parts/10063/bn_557636 OK 200
https://www.ebay.com/b/Automotive-Tools-Supplies/34998/bn_1865501 OK 200
https://www.ebay.com/b/Motors-Apparel-Merchandise/6747/bn_583691 OK 200
https://www.ebay.com/deals/automotive OK 200
https://www.ebay.com/g/mygarage OK 200
https://www.ebay.com/b/Cars-and-Trucks/6001/bn_1865117 OK 200
https://www.ebay.com/b/Classics/bn_7005623268 OK 200
https://www.ebay.com/b/Motorcycles/6024/bn_1865434 OK 200
https://www.ebay.com/b/Powersport-Vehicles/66466/bn_1865239 OK 200
https://www.ebay.com/b/RVs-and-Campers/50054/bn_16581882 OK 200
https://www.ebay.com/b/Other-Vehicles-Trailers/6737/bn_16581863 OK 200
https://www.ebay.com/b/Boats/26429/bn_1865510 OK 200
https://www.ebay.com/b/Fashion/bn_7000259856 OK 200
https://www.ebay.com/b/Womens-Clothing/15724/bn_661783 OK 200
https://www.ebay.com/b/Womens-Shoes/3034/bn_740022 OK 200
https://www.ebay.com/b/Mens-Clothing/1059/bn_696958 OK 200
https://www.ebay.com/b/Mens-Shoes/93427/bn_61999 OK 200
https://www.ebay.com/b/Womens-Bags-Handbags/169291/bn_738272 OK 200
https://www.ebay.com/b/Kids-Clothing-Shoes-Accessories/171146/bn_1642843 OK 200
https://www.ebay.com/b/Mens-Collectible-Sneakers/bn_7000259435 OK 200
https://www.ebay.com/b/Watches-Parts-Accessories/260324/bn_2408535 OK 200
https://www.ebay.com/b/Luxury-Wristwatches/31387/bn_36841947 OK 200
https://www.ebay.com/b/Jewelry/bn_7000259126 OK 200
https://www.ebay.com/b/Beauty/bn_7000259123 OK 200
https://www.ebay.com/b/Health/bn_7000259659 OK 200
https://www.ebay.com/deals/fashion OK 200
https://www.ebay.com/b/Electronics/bn_7000259124 OK 200
https://www.ebay.com/b/Cameras-Photo/625/bn_1865546 OK 200
https://www.ebay.com/b/Cell-Phones-Smart-Watches-Accessories/15032/bn_1865441 OK 200
https://www.ebay.com/b/Computers-Tablets-Network-Hardware/58058/bn_1865247 OK 200
https://www.ebay.com/b/Portable-Audio-Headphones/15052/bn_1642614 OK 200
https://www.ebay.com/b/Surveillance-Smart-Home-Electronics/185067/bn_115028425 OK 200
https://www.ebay.com/b/TV-Video-Home-Audio-Electronics/32852/bn_1648392 OK 200
https://www.ebay.com/b/Video-Games-Consoles/1249/bn_1850232 OK 200
https://www.ebay.com/b/Certified-Refurbished/bn_7040708936 OK 200
https://www.ebay.com/b/Smart-Watches/178893/bn_152365 OK 200
https://www.ebay.com/b/Apple-iPhone/9355/bn_319682 OK 200
https://www.ebay.com/b/Laptops-Netbooks/175672/bn_1648276 OK 200
https://www.ebay.com/b/Computer-Components-Parts/175673/bn_1643095 OK 200
https://www.ebay.com/b/Smart-Speakers/184435/bn_78213083 OK 200
https://www.ebay.com/b/Vehicle-Electronics-GPS/3270/bn_887004 OK 200
https://www.ebay.com/b/Collectibles-Art/bn_7000259855 OK 200
https://www.ebay.com/b/Art/550/bn_1853728 OK 200
https://www.ebay.com/b/Antiques/20081/bn_1851017 OK 200
https://www.ebay.com/b/Coins-Paper-Money/11116/bn_1857806 OK 200
https://www.ebay.com/b/Collectibles/1/bn_1858810 OK 200
https://www.ebay.com/b/Collectible-Comics/63/bn_1865459 OK 200
https://www.ebay.com/b/Pottery-Glass/870/bn_1851615 OK 200
https://www.ebay.com/b/Sports-Memorabilia-Fan-Shop-Sports-Cards/64482/bn_1857919 OK 200
https://www.ebay.com/b/Sports-Trading-Cards-Accessories/212/bn_1859819 OK 200
https://www.ebay.com/b/Designer-Urban-Vinyl-Action-Figures/158672/bn_221282 OK 200
https://www.ebay.com/b/Collectible-Funko-Bobbleheads-1970-Now/149372/bn_3017826 OK 200
https://www.ebay.com/b/Entertainment-Memorabilia/45100/bn_1859756 OK 200
https://www.ebay.com/b/Militaria/13956/bn_1852614 OK 200
https://www.ebay.com/b/Stamps/260/bn_1865095 OK 200
https://www.ebay.com/b/eBay-Collective/bn_7116337831 OK 200
https://www.ebay.com/b/Bullion/39482/bn_1642568 OK 200
https://pages.ebay.com/rcp/consignmentcenter OK 200
https://www.ebay.com/b/Home-Garden/11700/bn_1853126 OK 200
https://www.ebay.com/b/Tools-Workshop-Equipment/631/bn_1851815 OK 200
https://www.ebay.com/b/Kitchen-Dining-Bar-Supplies/20625/bn_1865564 OK 200
https://www.ebay.com/b/Surveillance-Smart-Home-Electronics/185067/bn_115028425 OK 200
https://www.ebay.com/b/Yard-Garden-Outdoor-Living-Items/159912/bn_1853607 OK 200
https://www.ebay.com/b/Vacuum-Cleaners/20614/bn_2310596 OK 200
https://www.ebay.com/b/Outdoor-Power-Equipment/29518/bn_2309717 OK 200
https://www.ebay.com/b/Home-Improvement/159907/bn_1851980 OK 200
https://www.ebay.com/b/Major-Appliances-Parts-Accessories/20710/bn_1865562 OK 200
https://www.ebay.com/b/Certified-Refurbished/bn_7040708936 OK 200
https://www.ebay.com/b/Home-Garden-Furniture/3197/bn_1642075 OK 200
https://www.ebay.com/b/Bedding/20444/bn_1864382 OK 200
https://www.ebay.com/b/Home-Decor/10033/bn_1849733 OK 200
https://www.ebay.com/b/Household-Cleaning-Supplies/299/bn_1857080 OK 200
https://www.ebay.com/b/Food-Beverages/14308/bn_1642947 OK 200
https://www.ebay.com/b/Travel/3252/bn_1848525 OK 200
https://www.ebay.com/deals/home-garden OK 200
https://www.ebay.com/b/Sporting-Goods/888/bn_1865031 OK 200
https://www.ebay.com/b/Golf-Equipment/1513/bn_1849088 OK 200
https://www.ebay.com/b/Cycling-Equipment/7294/bn_1848937 OK 200
https://www.ebay.com/b/Fishing-Equipment-Supplies/1492/bn_1851047 OK 200
https://www.ebay.com/b/Hunting-Equipment/7301/bn_1865054 OK 200
https://www.ebay.com/b/Team-Sports/159049/bn_1865097 OK 200
https://www.ebay.com/b/Fitness-Running-Yoga-Equipment/15273/bn_1855426 OK 200
https://www.ebay.com/b/Outdoor-Sports/159043/bn_1855398 OK 200
https://www.ebay.com/b/Archery-Equipment/20835/bn_1971493 OK 200
https://www.ebay.com/b/Camping-Hiking-Equipment/16034/bn_1959887 OK 200
https://www.ebay.com/b/Fitness-Technology/44075/bn_1944181 OK 200
https://www.ebay.com/b/Water-Sports/159136/bn_1855031 OK 200
https://www.ebay.com/b/Equestrian-Equipment/3153/bn_1997329 OK 200
https://www.ebay.com/b/Electric-Scooters/47349/bn_1995803 OK 200
https://www.ebay.com/b/Winter-Sports/36259/bn_1853285 OK 200
https://www.ebay.com/b/Toys-Hobbies/220/bn_1865497 OK 200
https://www.ebay.com/b/Action-Figures/246/bn_1648288 OK 200
https://www.ebay.com/b/Building-Toys/183446/bn_1865257 OK 200
https://www.ebay.com/b/Games/233/bn_1849806 OK 200
https://www.ebay.com/b/Collectible-Card-Games-Accessories/2536/bn_1852210 OK 200
https://www.ebay.com/b/Outdoor-Toys-Structures/11743/bn_1849278 OK 200
https://www.ebay.com/b/Dolls-Teddy-Bears/237/bn_1865477 OK 200
https://www.ebay.com/b/Preschool-Toys-Pretend-Play/19169/bn_1864380 OK 200
https://www.ebay.com/b/Model-Railroads-Trains/180250/bn_1642683 OK 200
https://www.ebay.com/b/Diecast-Toy-Vehicles/222/bn_1850842 OK 200
https://www.ebay.com/b/RC-Model-Vehicles-Toys-Control-Line/2562/bn_1851704 OK 200
https://www.ebay.com/b/Educational-Toys/11731/bn_1850489 OK 200
https://www.ebay.com/b/Toy-Models-Kits/1188/bn_1852447 OK 200
https://www.ebay.com/b/Art-Craft-Supplies/14339/bn_1851051 OK 200
https://www.ebay.com/deals/other-deals/toys OK 200
https://www.ebay.com/b/Business-Industrial/12576/bn_1853744 OK 200
https://www.ebay.com/b/Heavy-Equipment/177641/bn_1511518 OK 200
https://www.ebay.com/b/Healthcare-Lab-Dental/11815/bn_1851782 OK 200
https://www.ebay.com/b/Dental/bn_7115058704 OK 200
https://www.ebay.com/b/Construction-Jobsite-Supplies/bn_7004249159 OK 200
https://www.ebay.com/b/CNC-Metalworking-Manufacturing/11804/bn_1861284 OK 200
https://www.ebay.com/b/Restaurant-Food-Service/11874/bn_1865467 OK 200
https://www.ebay.com/b/Test-Measurement-Inspection-Equipment/181939/bn_16566063 OK 200
https://www.ebay.com/b/Office-Equipment-Supplies/25298/bn_1856567 OK 200
https://www.ebay.com/b/Industrial-Automation-Control-Equipment/42892/bn_2309506 OK 200
https://www.ebay.com/b/Packing-Shipping/19273/bn_1865376 OK 200
https://www.ebay.com/b/Light-Industrial-Equipment-Tools/61573/bn_1521576 OK 200
https://www.ebay.com/b/Electrical-Equipment-Supplies/92074/bn_1852224 OK 200
https://www.ebay.com/b/Heavy-Equipment-Attachments/177647/bn_1309146 OK 200
https://www.ebay.com/b/Heavy-Equipment-Parts-Accessories/41489/bn_7208228 OK 200
https://www.ebay.com/b/Music/bn_7000710860 OK 200
https://www.ebay.com/b/Guitars-Basses/3858/bn_1865236 OK 200
https://www.ebay.com/b/Percussion-Instruments/180012/bn_1853035 OK 200
https://www.ebay.com/b/Pianos-Keyboards-Organs/180010/bn_1865100 OK 200
https://www.ebay.com/b/Brass-Instruments/16212/bn_1852469 OK 200
https://www.ebay.com/b/Wind-Woodwind-Instruments/10181/bn_1860352 OK 200
https://www.ebay.com/b/String-Instruments/180016/bn_1865268 OK 200
https://www.ebay.com/b/Musical-Instruments-Gear/619/bn_1865601 OK 200
https://www.ebay.com/b/Vinyl-Music-Records/176985/bn_1860303 OK 200
https://www.ebay.com/b/Music-CDs/176984/bn_221164 OK 200
https://www.ebay.com/b/DJ-Equipment/48458/bn_16562590 OK 200
https://www.ebay.com/b/Pro-Audio-Equipment/180014/bn_1865231 OK 200
https://www.ebay.com/b/Stage-Lighting-Effects/12922/bn_1855494 OK 200
https://www.ebay.com/b/Tickets-Experiences/1305/bn_1861080 OK 200
https://www.ebay.com/b/Vintage-Musical-Instruments/181162/bn_7203753 OK 200
https://www.ebay.com/b/Authorized-Resellers-of-Musical-Instruments-and-Gear/bn_7003792621 OK 200
https://www.ebay.com/deals OK 200
https://www.ebay.com/deals OK 200
https://www.ebay.com/deals/tech OK 200
https://www.ebay.com/deals/fashion OK 200
https://www.ebay.com/deals/home-garden OK 200
https://www.ebay.com/deals/sporting-goods OK 200
https://www.ebay.com/deals/automotive OK 200
https://www.ebay.com/b/Gift-Cards-Coupons/172008/bn_1858592 OK 200
https://www.ebay.com/deals/other-deals/collectibles OK 200
https://www.ebay.com/deals/other-deals/toys OK 200
https://www.ebay.com/deals/other-deals/luggage-travel OK 200
https://www.ebay.com/deals/other-deals/music-gear OK 200
https://www.ebay.com/deals/home-garden/pet-supplies OK 200
https://www.ebay.com/deals/other-deals/sports-fan-shop OK 200
https://www.ebay.com/deals/other-deals/coins OK 200
https://www.ebay.com/b/Auto-Parts-and-Vehicles/6000/bn_1865334 OK 200
https://www.ebay.com/b/Fashion/bn_7000259856 OK 200
https://www.ebay.com/b/Electronics/bn_7000259124 OK 200
https://www.ebay.com/b/Collectibles-Art/bn_7000259855 OK 200
https://www.ebay.com/b/Home-Garden/11700/bn_1853126 OK 200
https://www.ebay.com/b/Sporting-Goods/888/bn_1865031 OK 200
https://www.ebay.com/b/Toys-Hobbies/220/bn_1865497 OK 200
https://www.ebay.com/b/Business-Industrial/12576/bn_1853744 OK 200
https://www.ebay.com/b/Music/bn_7000710860 OK 200
https://www.ebay.com/deals OK 200
https://svcs.ebay.com/delstats/clk/rtm?url=https%3A%2F%2Fwww.ebay.com%2Fb%2FeBay-Coupons%2Fbn_7109765183&p=100000&mc=Z3VpZD01MWYyZWY1NTE3NDBhYzNkYjE3NWRjN2NmZmZlODMzOHx1bD1lbi1VU3x0PTB8Ync9TEFSR0V8dGR0PWlpZDo0OTgwNzUxNjIzOTUxMDA5OTU3LGNsa2lkOjQ5ODA3NTE2MjM5NTEwMDk5NTZ8cGxtdD0oY2lkOjQyMDA3IGdiaDogaWlkOjQ5ODA3NTE2MjM5NTEwMDk5NTcgbWlkOjY0MjYwIHBpZDoxMDAwMDAgc2lkOi0xIHRpZDpjNDNiZWFiNy02OTVkLTQzY2YtODIzMy1mYjU1ZTk0NGRkMzggdHR5cGU6SE9NRV9QQUdFX0JBTk5FUl9NU0UgdmlkOmx0d3o4MGxvams4Z2M5MDZudzV5ZHZuNTB2Y3I1Z2NyeWdrc2tpaGY5YWVienNodGw2cmc1d2ducngycndqeDkpfHVjPTF8bT02NDI2MHxicz0w&_trkparms=pageci%3A35be97da-ed93-11ea-b5c7-74dbd1802f65%7Cparentrq%3A51f2f3001740aaa30a5a8859ffffef32%7Ciid%3A0 OK 200
https://svcs.ebay.com/delstats/clk/rtm?url=https%3A%2F%2Fwww.ebay.com%2Fb%2FeBay-Coupons%2Fbn_7109765183&p=100000&mc=Z3VpZD01MWYyZWY1NTE3NDBhYzNkYjE3NWRjN2NmZmZlODMzOHx1bD1lbi1VU3x0PTB8Ync9TEFSR0V8dGR0PWlpZDo0OTgwNzUxNjIzOTUxMDA5OTU3LGNsa2lkOjQ5ODA3NTE2MjM5NTEwMDk5NTZ8cGxtdD0oY2lkOjQyMDA3IGdiaDogaWlkOjQ5ODA3NTE2MjM5NTEwMDk5NTcgbWlkOjY0MjYwIHBpZDoxMDAwMDAgc2lkOi0xIHRpZDpjNDNiZWFiNy02OTVkLTQzY2YtODIzMy1mYjU1ZTk0NGRkMzggdHR5cGU6SE9NRV9QQUdFX0JBTk5FUl9NU0UgdmlkOmx0d3o4MGxvams4Z2M5MDZudzV5ZHZuNTB2Y3I1Z2NyeWdrc2tpaGY5YWVienNodGw2cmc1d2ducngycndqeDkpfHVjPTF8bT02NDI2MHxicz0w&_trkparms=pageci%3A35be97da-ed93-11ea-b5c7-74dbd1802f65%7Cparentrq%3A51f2f3001740aaa30a5a8859ffffef32%7Ciid%3A0 OK 200
https://svcs.ebay.com/delstats/clk/rtm?url=https%3A%2F%2Fpages.ebay.com%2Fpromo%2F2020%2F0831%2Fwoibduwoidw.html&p=100000&mc=Z3VpZD01MWYyZWY1NTE3NDBhYzNkYjE3NWRjN2NmZmZlODMzOHx1bD1lbi1VU3x0PTB8Ync9TEFSR0V8dGR0PWlpZDo0OTgwNzUxNjIzOTUxMDA5OTU3LGNsa2lkOjQ5ODA3NTE2MjM5NTEwMDk5NTZ8cGxtdD0oY2lkOjQyMDA3IGdiaDogaWlkOjQ5ODA3NTE2MjM5NTEwMDk5NTcgbWlkOjY0MjYwIHBpZDoxMDAwMDAgc2lkOi0xIHRpZDpjNDNiZWFiNy02OTVkLTQzY2YtODIzMy1mYjU1ZTk0NGRkMzggdHR5cGU6SE9NRV9QQUdFX0JBTk5FUl9NU0UgdmlkOmx0d3o4MGxvams4Z2M5MDZudzV5ZHZuNTB2Y3I1Z2NyeWdrc2tpaGY5YWVienNodGw2cmc1d2ducngycndqeDkpfHVjPTF8bT02NDI2MHxicz0w&_trkparms=pageci%3A35be97da-ed93-11ea-b5c7-74dbd1802f65%7Cparentrq%3A51f2f3001740aaa30a5a8859ffffef32%7Ciid%3A0 OK 200
https://svcs.ebay.com/delstats/clk/rtm?url=https%3A%2F%2Fwww.ebay.com%2Fb%2FeBay-Coupons%2Fbn_7109765183&p=100000&mc=Z3VpZD01MWYyZWY1NTE3NDBhYzNkYjE3NWRjN2NmZmZlODMzOHx1bD1lbi1VU3x0PTB8Ync9TEFSR0V8dGR0PWlpZDo0OTgwNzUxNjIzOTUxMDA5OTU3LGNsa2lkOjQ5ODA3NTE2MjM5NTEwMDk5NTZ8cGxtdD0oY2lkOjQyMDA3IGdiaDogaWlkOjQ5ODA3NTE2MjM5NTEwMDk5NTcgbWlkOjY0MjYwIHBpZDoxMDAwMDAgc2lkOi0xIHRpZDpjNDNiZWFiNy02OTVkLTQzY2YtODIzMy1mYjU1ZTk0NGRkMzggdHR5cGU6SE9NRV9QQUdFX0JBTk5FUl9NU0UgdmlkOmx0d3o4MGxvams4Z2M5MDZudzV5ZHZuNTB2Y3I1Z2NyeWdrc2tpaGY5YWVienNodGw2cmc1d2ducngycndqeDkpfHVjPTF8bT02NDI2MHxicz0w&_trkparms=pageci%3A35be97da-ed93-11ea-b5c7-74dbd1802f65%7Cparentrq%3A51f2f3001740aaa30a5a8859ffffef32%7Ciid%3A0 OK 200
https://svcs.ebay.com/delstats/clk/rtm?url=https%3A%2F%2Fwww.ebay.com%2Fe%2Fsales-events%2F25acertifiedrefurbished&p=100001&mc=Z3VpZD01MWYyZWY1NTE3NDBhYzNkYjE3NWRjN2NmZmZlODMzOHx1bD1lbi1VU3x0PTB8Ync9TEFSR0V8dGR0PWlpZDo0OTgwNzUxNjIzOTUxMDA5OTU1LGNsa2lkOjQ5ODA3NTE2MjM5NTEwMDk5NTR8cGxtdD0oY2lkOjQyMTQzIGdiaDogaWlkOjQ5ODA3NTE2MjM5NTEwMDk5NTUgbWlkOjY0NDczIHBpZDoxMDAwMDEgc2lkOi0xIHRpZDpiYzJkNDY2Zi0wMmZkLTQ4OGQtYmI0Ny1lM2VlNzJlZTllNzYgdHR5cGU6SE9NRV9QQUdFX0JBTk5FUl9WRUxPQ0lUWSB2aWQ6M2M5NGQzZmVhZTU4Njg2MzdkMDYzMDhmYTEzMjY5MGExNmE3NjFlZDJjODMwZmU3ZDc5YzRmOTg4NDVlZWY4Nil8dWM9MXxtPTY0NDczfGJzPTA%3D&_trkparms=pageci%3A35be97da-ed93-11ea-b5c7-74dbd1802f65%7Cparentrq%3A51f2f3001740aaa30a5a8859ffffef32%7Ciid%3A0 OK 200
https://www.ebay.com/deals?_trkparms=pageci%3A35be97da-ed93-11ea-b5c7-74dbd1802f65%7Cparentrq%3A51f2f3001740aaa30a5a8859ffffef32%7Ciid%3A0 OK 200
https://www.ebay.com/deals?_trkparms=pageci%3A35be97da-ed93-11ea-b5c7-74dbd1802f65%7Cparentrq%3A51f2f3001740aaa30a5a8859ffffef32%7Ciid%3A0 OK 200
https://www.ebay.com/deals/tech?did=6053739999&_trkparms=pageci%3A35be97da-ed93-11ea-b5c7-74dbd1802f65%7Cparentrq%3A51f2f3001740aaa30a5a8859ffffef32%7Ciid%3A0 OK 200
https://www.ebay.com/deals/home-garden?did=6053739997&_trkparms=pageci%3A35be97da-ed93-11ea-b5c7-74dbd1802f65%7Cparentrq%3A51f2f3001740aaa30a5a8859ffffef32%7Ciid%3A0 OK 200
https://www.ebay.com/deals/other-deals?did=6053955002&_trkparms=pageci%3A35be97da-ed93-11ea-b5c7-74dbd1802f65%7Cparentrq%3A51f2f3001740aaa30a5a8859ffffef32%7Ciid%3A0 OK 200
https://svcs.ebay.com/delstats/clk/rtm?url=https%3A%2F%2Fpages.ebay.com%2Fpaypal-credit%2Fezp.html&p=100003&mc=Z3VpZD01MWYyZWY1NTE3NDBhYzNkYjE3NWRjN2NmZmZlODMzOHx1bD1lbi1VU3x0PTB8Ync9TEFSR0V8dGR0PWlpZDo0OTgwNzUxNjIzOTUxMDA5OTUxLGNsa2lkOjQ5ODA3NTE2MjM5NTEwMDk5NTB8cGxtdD0oY2lkOjQyMDU5IGdiaDogaWlkOjQ5ODA3NTE2MjM5NTEwMDk5NTEgbWlkOjY0MzMwIHBpZDoxMDAwMDMgc2lkOi0xIHRpZDo5ZDVmNmY1OS03MDA1LTQ1Y2UtYjU1MC04MWMzZWY4ZTEwMWYgdHR5cGU6SE9NRV9QQUdFX0JBTk5FUl9NU0UgdmlkOnFvcGhjdmZjZXpmamMzN2ExcHY5cnNqdmgwbXQ2cHh2c3R3MzRkbHZtZDZzdzlzaWVlbnZncDZkZ2NqZ24wb2gpfHVjPTF8bT02NDMzMHxicz0w&_trkparms=pageci%3A35be97da-ed93-11ea-b5c7-74dbd1802f65%7Cparentrq%3A51f2f3001740aaa30a5a8859ffffef32%7Ciid%3A0 OK 200
https://svcs.ebay.com/delstats/clk/rtm?url=https%3A%2F%2Fpages.ebay.com%2Fpaypal-credit%2Fezp.html&p=100003&mc=Z3VpZD01MWYyZWY1NTE3NDBhYzNkYjE3NWRjN2NmZmZlODMzOHx1bD1lbi1VU3x0PTB8Ync9TEFSR0V8dGR0PWlpZDo0OTgwNzUxNjIzOTUxMDA5OTUxLGNsa2lkOjQ5ODA3NTE2MjM5NTEwMDk5NTB8cGxtdD0oY2lkOjQyMDU5IGdiaDogaWlkOjQ5ODA3NTE2MjM5NTEwMDk5NTEgbWlkOjY0MzMwIHBpZDoxMDAwMDMgc2lkOi0xIHRpZDo5ZDVmNmY1OS03MDA1LTQ1Y2UtYjU1MC04MWMzZWY4ZTEwMWYgdHR5cGU6SE9NRV9QQUdFX0JBTk5FUl9NU0UgdmlkOnFvcGhjdmZjZXpmamMzN2ExcHY5cnNqdmgwbXQ2cHh2c3R3MzRkbHZtZDZzdzlzaWVlbnZncDZkZ2NqZ24wb2gpfHVjPTF8bT02NDMzMHxicz0w&_trkparms=pageci%3A35be97da-ed93-11ea-b5c7-74dbd1802f65%7Cparentrq%3A51f2f3001740aaa30a5a8859ffffef32%7Ciid%3A0 OK 200
https://svcs.ebay.com/delstats/clk/rtm?url=https%3A%2F%2Fpages.ebay.com%2Fpaypal-credit%2Fezp.html&p=100003&mc=Z3VpZD01MWYyZWY1NTE3NDBhYzNkYjE3NWRjN2NmZmZlODMzOHx1bD1lbi1VU3x0PTB8Ync9TEFSR0V8dGR0PWlpZDo0OTgwNzUxNjIzOTUxMDA5OTUxLGNsa2lkOjQ5ODA3NTE2MjM5NTEwMDk5NTB8cGxtdD0oY2lkOjQyMDU5IGdiaDogaWlkOjQ5ODA3NTE2MjM5NTEwMDk5NTEgbWlkOjY0MzMwIHBpZDoxMDAwMDMgc2lkOi0xIHRpZDo5ZDVmNmY1OS03MDA1LTQ1Y2UtYjU1MC04MWMzZWY4ZTEwMWYgdHR5cGU6SE9NRV9QQUdFX0JBTk5FUl9NU0UgdmlkOnFvcGhjdmZjZXpmamMzN2ExcHY5cnNqdmgwbXQ2cHh2c3R3MzRkbHZtZDZzdzlzaWVlbnZncDZkZ2NqZ24wb2gpfHVjPTF8bT02NDMzMHxicz0w&_trkparms=pageci%3A35be97da-ed93-11ea-b5c7-74dbd1802f65%7Cparentrq%3A51f2f3001740aaa30a5a8859ffffef32%7Ciid%3A0 OK 200
https://svcs.ebay.com/delstats/clk/rtm?url=https%3A%2F%2Fpages.ebay.com%2Fpaypal-credit%2Fezp.html&p=100003&mc=Z3VpZD01MWYyZWY1NTE3NDBhYzNkYjE3NWRjN2NmZmZlODMzOHx1bD1lbi1VU3x0PTB8Ync9TEFSR0V8dGR0PWlpZDo0OTgwNzUxNjIzOTUxMDA5OTUxLGNsa2lkOjQ5ODA3NTE2MjM5NTEwMDk5NTB8cGxtdD0oY2lkOjQyMDU5IGdiaDogaWlkOjQ5ODA3NTE2MjM5NTEwMDk5NTEgbWlkOjY0MzMwIHBpZDoxMDAwMDMgc2lkOi0xIHRpZDo5ZDVmNmY1OS03MDA1LTQ1Y2UtYjU1MC04MWMzZWY4ZTEwMWYgdHR5cGU6SE9NRV9QQUdFX0JBTk5FUl9NU0UgdmlkOnFvcGhjdmZjZXpmamMzN2ExcHY5cnNqdmgwbXQ2cHh2c3R3MzRkbHZtZDZzdzlzaWVlbnZncDZkZ2NqZ24wb2gpfHVjPTF8bT02NDMzMHxicz0w&_trkparms=pageci%3A35be97da-ed93-11ea-b5c7-74dbd1802f65%7Cparentrq%3A51f2f3001740aaa30a5a8859ffffef32%7Ciid%3A0 OK 200
https://svcs.ebay.com/delstats/clk/rtm?url=https%3A%2F%2Fpages.ebay.com%2Fcovid19&p=100004&mc=Z3VpZD01MWYyZWY1NTE3NDBhYzNkYjE3NWRjN2NmZmZlODMzOHx1bD1lbi1VU3x0PTB8Ync9TEFSR0V8dGR0PWlpZDo0OTgwNzUxNjIwMDU3NzgxNzY5LGNsa2lkOjQ5ODA3NTE2MjAwNTc3ODE3Njh8cGxtdD0oY2lkOjQwNDI3IGdiaDogaWlkOjQ5ODA3NTE2MjAwNTc3ODE3NjkgbWlkOjYxNjcxIHBpZDoxMDAwMDQgc2lkOi0xIHRpZDoyYzA4ZWIyMy0xY2EzLTRkZGUtYjYyYi0yNWE4NWIwOGExN2IgdHR5cGU6SE9NRV9QQUdFX0JBTk5FUl9NU0UgdmlkOnpiczdnMjJkY25jMGpzeXRza3N4dDZ0ZGhpd3hqejdqMjZnbTVneXZlMjFhZnJzenFkM3E4YmtkbGVoamRzMWkpfHVjPTF8bT02MTY3MXxicz0w&_trkparms=pageci%3A35be97da-ed93-11ea-b5c7-74dbd1802f65%7Cparentrq%3A51f2f3001740aaa30a5a8859ffffef32%7Ciid%3A1 OK 200
https://svcs.ebay.com/delstats/clk/rtm?url=https%3A%2F%2Fpages.ebay.com%2Fcovid19&p=100004&mc=Z3VpZD01MWYyZWY1NTE3NDBhYzNkYjE3NWRjN2NmZmZlODMzOHx1bD1lbi1VU3x0PTB8Ync9TEFSR0V8dGR0PWlpZDo0OTgwNzUxNjIwMDU3NzgxNzY5LGNsa2lkOjQ5ODA3NTE2MjAwNTc3ODE3Njh8cGxtdD0oY2lkOjQwNDI3IGdiaDogaWlkOjQ5ODA3NTE2MjAwNTc3ODE3NjkgbWlkOjYxNjcxIHBpZDoxMDAwMDQgc2lkOi0xIHRpZDoyYzA4ZWIyMy0xY2EzLTRkZGUtYjYyYi0yNWE4NWIwOGExN2IgdHR5cGU6SE9NRV9QQUdFX0JBTk5FUl9NU0UgdmlkOnpiczdnMjJkY25jMGpzeXRza3N4dDZ0ZGhpd3hqejdqMjZnbTVneXZlMjFhZnJzenFkM3E4YmtkbGVoamRzMWkpfHVjPTF8bT02MTY3MXxicz0w&_trkparms=pageci%3A35be97da-ed93-11ea-b5c7-74dbd1802f65%7Cparentrq%3A51f2f3001740aaa30a5a8859ffffef32%7Ciid%3A1 OK 200
https://www.ebay.com/e/home-garden/milwaukee-brand-outlet-123019?_trkparms=pageci%3A35be97da-ed93-11ea-b5c7-74dbd1802f65%7Cparentrq%3A51f2f3001740aaa30a5a8859ffffef32%7Ciid%3A1 OK 200
https://www.ebay.com/e/home-garden/milwaukee-brand-outlet-123019?_trkparms=pageci%3A35be97da-ed93-11ea-b5c7-74dbd1802f65%7Cparentrq%3A51f2f3001740aaa30a5a8859ffffef32%7Ciid%3A1 OK 200
]]></system-out>
    <system-err><![CDATA[Starting ChromeDriver 85.0.4183.87 (cd6713ebf92fa1cacc0f1a598df280093af0c5d7-refs/branch-heads/4183@{#1689}) on port 16364
Only local connections are allowed.
Please see https://chromedriver.chromium.org/security-considerations for suggestions on keeping ChromeDriver safe.
ChromeDriver was started successfully.
Sep 02, 2020 11:11:49 PM org.openqa.selenium.remote.ProtocolHandshake createSession
INFO: Detected dialect: W3C
]]></system-err>
  </testcase>
  <testcase name="afterEachTestMethod[[TestResult name=ebayLinksActivlinksTest status=FAILURE method=BrokenLinksTest.ebayLinksActivlinksTest()[pri:40, instance:regressionTest.BrokenLinksTest@55ca8de8] output=BrokenLinksTest: ebay Links Activlinks Test]](0)" classname="regressionTest.BrokenLinksTest" time="142.766">
    <failure message="no such window: window was already closed&#10;  (Session info: chrome=85.0.4183.83)&#10;Build info: version: &apos;3.141.59&apos;, revision: &apos;e82be7d358&apos;, time: &apos;2018-11-14T08:17:03&apos;&#10;System info: host: &apos;MacBook-Pro-2.home&apos;, ip: &apos;fd4b:8d38:69ba:1:d141:bba4:860f:aef5%en0&apos;, os.name: &apos;Mac OS X&apos;, os.arch: &apos;x86_64&apos;, os.version: &apos;10.15.6&apos;, java.version: &apos;14.0.1&apos;&#10;Driver info: org.openqa.selenium.chrome.ChromeDriver&#10;Capabilities {acceptInsecureCerts: false, browserName: chrome, browserVersion: 85.0.4183.83, chrome: {chromedriverVersion: 85.0.4183.87 (cd6713ebf92fa..., userDataDir: /var/folders/wz/dgqm41w90yg...}, goog:chromeOptions: {debuggerAddress: localhost:54892}, javascriptEnabled: true, networkConnectionEnabled: false, pageLoadStrategy: normal, platform: MAC, platformName: MAC, proxy: Proxy(), setWindowRect: true, strictFileInteractability: false, timeouts: {implicit: 0, pageLoad: 300000, script: 30000}, unhandledPromptBehavior: dismiss and notify, webauthn:virtualAuthenticators: true}&#10;Session ID: 3d5e65625682fe50bcab17b43d8ec130" type="org.openqa.selenium.NoSuchWindowException"><![CDATA[org.openqa.selenium.NoSuchWindowException: 
no such window: window was already closed
  (Session info: chrome=85.0.4183.83)
Build info: version: '3.141.59', revision: 'e82be7d358', time: '2018-11-14T08:17:03'
System info: host: 'MacBook-Pro-2.home', ip: 'fd4b:8d38:69ba:1:d141:bba4:860f:aef5%en0', os.name: 'Mac OS X', os.arch: 'x86_64', os.version: '10.15.6', java.version: '14.0.1'
Driver info: org.openqa.selenium.chrome.ChromeDriver
Capabilities {acceptInsecureCerts: false, browserName: chrome, browserVersion: 85.0.4183.83, chrome: {chromedriverVersion: 85.0.4183.87 (cd6713ebf92fa..., userDataDir: /var/folders/wz/dgqm41w90yg...}, goog:chromeOptions: {debuggerAddress: localhost:54892}, javascriptEnabled: true, networkConnectionEnabled: false, pageLoadStrategy: normal, platform: MAC, platformName: MAC, proxy: Proxy(), setWindowRect: true, strictFileInteractability: false, timeouts: {implicit: 0, pageLoad: 300000, script: 30000}, unhandledPromptBehavior: dismiss and notify, webauthn:virtualAuthenticators: true}
Session ID: 3d5e65625682fe50bcab17b43d8ec130
]]></failure>
  </testcase>
  <testcase name="newWindowTest" classname="regressionTest.NewWindowClassTest" time="5.985">
    <system-out><![CDATA[NewWindowClassTest: new Window Test
NewWindowClassTest: new Window Test
]]></system-out>
    <system-err><![CDATA[Starting ChromeDriver 85.0.4183.87 (cd6713ebf92fa1cacc0f1a598df280093af0c5d7-refs/branch-heads/4183@{#1689}) on port 15570
Only local connections are allowed.
Please see https://chromedriver.chromium.org/security-considerations for suggestions on keeping ChromeDriver safe.
ChromeDriver was started successfully.
Sep 02, 2020 11:14:15 PM org.openqa.selenium.remote.ProtocolHandshake createSession
INFO: Detected dialect: W3C
]]></system-err>
  </testcase>
  <testcase name="newWindowVerificationTest" classname="regressionTest.NewWindowClassTest" time="6.199">
    <system-out><![CDATA[NewWindowClassTest: new Window Verification Test
NewWindowClassTest: new Window Verification Test
NewWindowClassTest: new Window Test
NewWindowClassTest: new Window Test
]]></system-out>
    <system-err><![CDATA[Starting ChromeDriver 85.0.4183.87 (cd6713ebf92fa1cacc0f1a598df280093af0c5d7-refs/branch-heads/4183@{#1689}) on port 32542
Only local connections are allowed.
Please see https://chromedriver.chromium.org/security-considerations for suggestions on keeping ChromeDriver safe.
ChromeDriver was started successfully.
Sep 02, 2020 11:14:23 PM org.openqa.selenium.remote.ProtocolHandshake createSession
INFO: Detected dialect: W3C
]]></system-err>
  </testcase>
  <testcase name="setIFrameTest" classname="regressionTest.IFrameClassTest" time="1.688">
    <system-out><![CDATA[IFrameClassTest: set I Frame Test
no of iFrames on this webPage are 2
[[ChromeDriver: chrome on MAC (5eef9ae2815d281db5c11693c4164b55)] -> tag name: iFrame]
[[ChromeDriver: chrome on MAC (5eef9ae2815d281db5c11693c4164b55)] -> tag name: iFrame]
Frame Source<html lang="en" class="font-marketsans"><head><style>
    .font-marketsans body {
        font-family: "Market Sans", Arial, sans-serif;
    }
</style><script>
    (function() {
        var useCustomFont = ('fontDisplay' in document.documentElement.style) ||
                        (localStorage && localStorage.getItem('ebay-font'));
        if (useCustomFont) {
            document.documentElement.classList.add('font-marketsans');
        }
    })();
</script><link rel="preload" as="image" href="https://ir.ebaystatic.com/pictures/aw/pics/s_1x2.gif"><meta charset="utf-8"><link rel="icon" href="https://pages.ebay.com/favicon.ico"><meta name="viewport" content="width=device-width, initial-scale=1, user-scalable=yes, minimum-scale=1"><meta http-equiv="X-UA-Compatible" content="IE=edge"><link rel="dns-prefetch" href="//ir.ebaystatic.com"><link rel="dns-prefetch" href="//secureir.ebaystatic.com"><link rel="dns-prefetch" href="//i.ebayimg.com"><link rel="dns-prefetch" href="//rover.ebay.com"><script nonce="">$ssgST=new Date().getTime();</script><link href="https://srv.main.ebayrtm.com" rel="preconnect"><noscript><style>
                .js-only {
                    display: none !important;
                }
            </style></noscript><link rel="stylesheet" type="text/css" href="https://ir.ebaystatic.com/rs/v/s5epjua5ga0hpivlfj1b5h4rtum.css?proc=DU:N"><link rel="stylesheet" href="https://ir.ebaystatic.com/rs/c/inception-YXZCVe-0.css">
<link rel="stylesheet" href="https://ir.ebaystatic.com/rs/c/highlnfe-fQ_NbI8D.css"><script>
            window.highline = {"isWebpSupported":true,"isLowBandwidth":false,"lazyLoadAll":true,"lazyLoadOnlyFirstCarouselPage":true,"isPerformanceSpeedReportingEnabled":false,"enable3xSizing":true,"enableRetinaSizing":false,"safeSizeLargeImages":true,"isUfesCachedPage":false};
        </script><script>
        function initLogger() {
            if ($logger) {
                // set interval for iOS with Safari until safari bug resolved
                // https://bugs.webkit.org/show_bug.cgi?id=188329
                var ua = window.navigator.userAgent,
                    isiOS = !!ua.match(/iPad/i) || !!ua.match(/iPhone/i),
                    isWebkit = !!ua.match(/WebKit/i),
                    isiOSSafari = isiOS && isWebkit && !ua.match(/CriOS/i),
                    flushInterval = isiOSSafari ? 2000 : 0;
                var loggerConfig = {
                    url: "/api/log?pageid=2481888&pagename=highline_homepage_large",
                    flushInterval: flushInterval, // in ms, time between flushing queued logs. If 0, flushes when page is hidden or beforeunload
                    samplingRate: 10, // rate to be used for clien-side sampling, 10 === 10%
                    sendMetrics: true,
                    isInSampling: undefined, // will send if true and not check for client-side sampling
                    isSendCritical: false, // will send if critical error even if not in sampling
                    logLevels: ['error'],
                    maxAttempts: 10
                };
                $logger.init(loggerConfig);
                $logger.registerPlugin('custom', function(payload) {
                    payload.ebay = {
                        pageName: "highline_homepage_large",
                        highlineVersion: "91.1.2",
                        rlogid: "t6klaook%60b0%3D%3C%3Dqkiojbnkmcc4%3B(v%7Fq0p*w%60ut3542-17451f56a59-0x805",
                        pageid: "2481888",
                        isCacheCreateCall: window.highline.isUfesCachedPage
                    };
                });
            }
        }
    </script><script src="https://ir.ebaystatic.com/rs/c/makeebayfasterscript-src-scripts-logger-cbdc5549.js" onload="initLogger()"></script><script nonce="">!function(){var f,a;if("undefined"!=typeof window){if((f=window).$_mod)return;f.global=f}var v={},h=[],e=!1,o=[],u={},s={},l={},g={},p={},c={},d={};function x(n,r){var t=new Error('Cannot find module "'+n+'"'+(r?' from "'+r+'"':""));return t.code="MODULE_NOT_FOUND",t}function b(n){this.id=this.filename=n,this.loaded=!1,this.exports=void 0}b.cache=u;var r=b.prototype;function w(n){for(var r=0,t=n.length,i=0;i<t;i++){var e=n[i];"."===e||(".."===e?r--:(n[r]=e,r++))}return 1===r?"/":(2<r&&0===n[r-1].length&&r--,n.length=r,n.join("/"))}function O(n,r){var t=r.split("/");return w(("/"==n?[""]:n.split("/")).concat(t))}function m(n,r){"/"===n.charAt(n.length-1)&&(n=n.slice(0,-1));var t=l[n];if(t)return t;var i,e=function(n){var r=(n=n.substring(1)).indexOf("/");"@"===n.charAt(1)&&(r=n.indexOf("/",r+1));var t=-1===r?n.length:r;return[n.substring(0,t),n.substring(t)]}(r)[0],o=n.indexOf("/"),a=o<0?(i=n,""):("@"===n.charAt(0)&&(o=n.indexOf("/",o+1)),i=n.substring(0,o),n.substring(o)),u=s[e+"/"+i];if(u){var f="/"+i+"$"+u;return a&&(f+=a),f}}function _(n,r){var t,i;if("."===n.charAt(0))t=O(r,n);else if("/"===n.charAt(0))t=w(n.split("/"));else{for(var e=h.length,o=0;o<e;o++){var a=_(h[o]+n,r);if(a)return a}t=m(n,r)}if(t){void 0!==(i=g[t])&&(t=O(t,i=i||"index"));var u=p[t];u&&(t=u);var f,s,l,c,d=v[t];if(void 0===d){if(null===(f=-1===(c=(s=t).lastIndexOf("."))||-1!==(l=s.lastIndexOf("/"))&&c<l?null:s.substring(0,c))||void 0===(d=v[f]))return;t=f}return[t,d]}}function A(n,r){if(!n)throw x("");var t=_(n,r);if(!t)throw x(n,r);var i=t[0];if(void 0!==(o=u[i]))return o;if(d.hasOwnProperty(i))return d[i];var e=t[1],o=new b(i);return(u[i]=o).load(e),o}function t(n,r){return A(n,r).exports}function y(n,r){if((!r||!1!==r.wait)&&!e)return o.push([n,r]);t(n,"/")}function n(){var n;for(e=!0;n=o.length;){var r=o;o=[];for(var t=0;t<n;t++){var i=r[t];y(i[0],i[1])}if(!e)break}}r.load=function(n){var r,t,i,e,o=this.id;n&&n.constructor===Function?(r=o.lastIndexOf("/"),t=o.substring(0,r),i=c[t]||(c[t]={}),(e=function(n){return(i[n]||(i[n]=A(n,t))).exports}).resolve=function(n){if(!n)throw x("");var r=_(n,t);if(!r)throw x(n,t);return r[0]},e.cache=u,e.runtime=a,this.exports={},n.call(this,e,this.exports,this,o,t)):this.exports=n,this.loaded=!0};function i(){--I||n()}var I=0;r.__runtime=a={def:function(n,r,t){var i=t&&t.globals;if(v[n]=r,i)for(var e=f||global,o=0;o<i.length;o++){var a=i[o],u=d[n]=A(n);e[a]=u.exports}},installed:function(n,r,t){s[n+"/"+r]=t},run:y,main:function(n,r){g[n]=r},remap:function(n,r){p[n]=r},builtin:function(n,r){l[n]=r},require:t,resolve:_,join:O,ready:n,searchPath:function(n){h.push(n)},loaderMetadata:function(n){r.__loaderMetadata=n},pending:function(){return e=!1,I++,{done:i}}},f?f.$_mod=a:module.exports=a}();
$_mod.searchPath("/highlnfe$91.1.2/");
$_mod.main("/highlnfe$91.1.2/src/components/utils/lazy-load-images","");
$_mod.def("/highlnfe$91.1.2/src/components/utils/dom-util/is-on-screen",function(i,n,t,e,o){"use strict";t.exports=function(i,n,t){var e=t||0,o=window.innerHeight,d=void 0,d=window.highline.lazyLoadOnlyFirstCarouselPage?window.innerWidth:n||2*window.innerWidth,r=i.getBoundingClientRect(),h=r.top<=o+e&&0<=r.top+r.height,l=r.left<d&&0<r.left+r.width;return h&&l}});
$_mod.installed("highlnfe$91.1.2","@ebay/nodash","1.1.1");
$_mod.main("/@ebay/nodash$1.1.1/throttle","");
$_mod.def("/@ebay/nodash$1.1.1/throttle/index",function(t,n,o,e,i){"use strict";o.exports=function(n){var o,e=1<arguments.length&&void 0!==arguments[1]?arguments[1]:250;return function(){var t=Date.now();(!o||o+e<t)&&(o=t,n.apply(void 0,arguments))}}});
$_mod.installed("highlnfe$91.1.2","zoom-js","1.1.0");
$_mod.main("/zoom-js$1.1.0","dist/index");
$_mod.def("/zoom-js$1.1.0/dist/index",function(t,e,n,i,r){"use strict";var s=/(?:\d*\.)?\d+/g,o=[64,96,140,200,225,300,400,500,640,960,1200,1600],c="undefined"!=typeof window,a={containsThumbs:function(t){return-1<t.indexOf("thumbs")},isZoomUrl:function(t){var e=this.containsThumbs(t)?8:7;return!(t.length!==e||!t[t.length-1].match("s-l"))||(console.debug("This image url is not valid Zoom format: ".concat(t.join("/"))),!1)},getParts:function(t,e){return t.split(e)},replaceType:function(t,e,n){var i,r=t,o=n?7:6,a=e.type||!e.cachedPage&&e.webp&&"webp";return a&&((i=this.getParts(r[o],"."))[1]=a,r[o]=i.join(".")),r},getNearestSize:function(t){for(var e=0;e<o.length-1;e++)if(t<=o[e])return o[e];return o[e]},getConnection:function(){return"undefined"!=typeof navigator&&navigator.connection&&navigator.connection.effectiveType},isLowBandwidth:function(t){var e=this.getConnection();return e?["slow-2g","2g","3g"].filter(function(t){return t===e}).length:!t.cachedPage&&t.lowBandwidth},replaceSize:function(t,e,n){var i=t,r=n?7:6,o=e.size?e.size:i[r].match(s)[0];c&&window.innerWidth<o&&e.safeSizeImages&&(o=this.getNearestSize(window.innerWidth));var a=c&&window.devicePixelRatio||1;return!e.disableHDSizing&&1<a&&!e.lowBandwidth&&(e.disable3xSizing?o*=2:o*=a),i[r]=i[r].replace(s,this.getNearestSize(o)),i},transformUrl:function(t){var e=this.getParts(t.src,"/"),n=this.containsThumbs(e);return this.isZoomUrl(e)?(e=this.replaceSize(e,t,n),(e=this.replaceType(e,t,n)).join("/")):t.src}};n.exports=function(){var r=0<arguments.length&&void 0!==arguments[0]?arguments[0]:{};return r.lowBandwidth=a.isLowBandwidth(r),function(e,n,i){try{var t=Object.create(r);return t.src=e,n&&(t.size=n),i&&(t.type=i),a.transformUrl(t)}catch(t){return console.debug("There was an error trying to transform this zoom url: ".concat(e,", size: ").concat(n,", type: ").concat(i,", ").concat(t.stack)),e}}},n.exports.helpers=a});
$_mod.def("/highlnfe$91.1.2/src/components/utils/lazy-load-images/index",function(e,n,t,a,i){"use strict";function d(e){return parseInt(e.getAttribute(h))}function r(e){"loading"!==document.readyState?e():document.addEventListener("DOMContentLoaded",e)}var o=100,l=e("/highlnfe$91.1.2/src/components/utils/dom-util/is-on-screen"),s=e("/@ebay/nodash$1.1.1/throttle/index"),c=e("/zoom-js$1.1.0/dist/index"),u="data-src",m="load",g="scroll",p="resize",w="error",f="lazyLoad",h="data-load-time",v="hl-carousel-pagination",y="hl-carousel-scroll",E="hl-carousel-auto-update",T="addEventListener",L="removeEventListener",S="removeAttribute",I="getElementsByClassName",b=void 0,A=window.performance&&window.performance.timing,z=void 0,H=Array.prototype.slice,q={hasSpeedMetricsReported:!1,queue:[],startTime:"undefined"==typeof $ssgST?Date.now():$ssgST,init:function(){q.zoomClient=c({webp:window.highline.isWebpSupported,lowBandwidth:window.highline.isLowBandwidth,cachedPage:window.highline.isUfesCachedPage,disableHDSizing:!window.highline.enableRetinaSizing}),window.lazyLoad=window.lazyLoad||{};var e=window.lazyLoad;b=window.highline.isPerformanceSpeedReportingEnabled&&window.performance&&window.performance.mark&&window.performance.getEntriesByName&&window.performance.timing,e.addToQueue=function(e,n){if(e[S]("onload"),e.hasAttribute("data-load-immediately"))return n?q.loadImageDiv({target:e.parentElement}):q.loadImage({target:e});var t;n?((t=e.parentElement)[T](f,q.loadImageDiv),q.queue.unshift(t),q.loadImageIfVisible(t)):(e[T](f,q.loadImage),q.queue.unshift(e),q.loadImageIfVisible(e))},r(function(){z=$rmod.require("/$/raptor-pubsub")}),window.highline.lazyLoadAll?window[T](m,q.loadAll):(q.resizeHandler=s(q.handler,o),q.paginationHandler=s(q.carouselHandler,o),q.scrollHandler=s(q.handler,o),q.autoUpdateHandler=s(q.handler,o),window[T](g,q.scrollHandler),window[T](p,q.resizeHandler),r(function(){z.on(v,q.paginationHandler),z.on(y,q.paginationHandler),z.on(E,q.autoUpdateHandler)})),window[T](m,q.reportATFTime)},tearDown:function(){window.highline.lazyLoadAll?window[L](m,q.loadAll):(window[L](g,q.scrollHandler),window[L](p,q.resizeHandler),z.removeListener(v,q.paginationHandler),z.removeListener(y,q.paginationHandler),z.removeListener(E,q.autoUpdateHandler)),window[L](m,q.reportATFTime)},reportATFTime:function(){var e,n,t,a,i,r={};b?(e=window.performance.getEntriesByName("eBaySpeed_ATF"))&&e.length&&(n=e[0],t=(window.performance.timeOrigin||A.navigationStart)+n.startTime,r.jsljgr2=t-q.startTime,r.i_29i=t-A.responseStart):(i=(a=H.call(document[I]("hl-atf-module-js"),0,2).reduce(function(e,n){return e.concat(H.call(n.querySelectorAll("["+h+"]")))},[]).sort(function(e,n){return d(n)-d(e)})[0])?d(a):Date.now(),r.jsljgr2=i-q.startTime,A&&(r.i_29i=i-A.responseStart)),q.hasSpeedMetricsReported=!0;var o=new Event("site-speed-ebay.metricsData");o.detail=r,document.dispatchEvent(o)},setLoadTime:function(n){var e,t=Date.now();return b?(e=H.call(document[I]("hl-atf-module-js"),0,2))&&e.length&&e.some(function(e){return e.contains(n)})&&(window.performance.clearMarks("eBaySpeed_ATF"),window.performance.mark("eBaySpeed_ATF"),t=(window.performance.timeOrigin||A.navigationStart)+window.performance.getEntriesByName("eBaySpeed_ATF")[0].startTime):n.setAttribute(h,t),t},getLoadTime:d,getSrc:function(e){var n=e.dataset;return q.zoomClient(n.src,parseInt(n.size,10))},loadImage:function(e){function t(){a&&(q.setLoadTime(a),a[L](f,q.loadImage),a.style.opacity=0,q.reportError(a))}var a=e.target,n=q.getSrc(a);a[T](m,function e(n){a&&(q.setLoadTime(a),a[L](m,e),a[L](w,t),a[S](u),a.style.opacity=1)}),a[T](w,t),a.src=n},loadImageDiv:function(e){var t,a,i=e.target,r=q.getSrc(i);r?(t=i.children[1],a=function(){i&&t&&(q.setLoadTime(t),i.removeChild(t),t=null,i[L](f,q.loadImage),i.style.backgroundImage="none",i[S](u),i.children[0].style.opacity=1,q.reportError(i))},t[T](m,function e(n){i&&t&&(q.setLoadTime(t),t.src=r,t[L](m,e),t[L](w,a),i.style.backgroundImage="url('"+r+"')",i[S](u),i.children[0].style.opacity=0)}),t[T](w,a),t.src=r):console.error("Can't find source of image",i)},reportError:function(e){e&&!q.hasSpeedMetricsReported&&console.error('{"type":"critical","desc":"ATF image failed to load","src":"'+e.src+'"}')},loadImageIfVisible:function(e,n,t){var a,i=e.parentElement.classList.contains("hl-image-js")?e.parentElement:e;l(i,t,200)&&((a=document.createEvent("Event")).initEvent(f,!1,!1),e.dispatchEvent(a),q.queue.splice(n||0,1))},loadAll:function(){for(var e=q.queue.length-1;0<=e;e--){var n=document.createEvent("Event");n.initEvent("lazyLoad",!1,!1),q.queue[e].dispatchEvent(n),q.queue.splice(e||0,1)}},iterateOverQueue:function(e){if(0!==q.queue.length)for(var n=q.queue.length-1;0<=n;n--)q.loadImageIfVisible(q.queue[n],n,e)},handler:function(){q.iterateOverQueue()},carouselHandler:function(e){var n,t;e&&(t=2*(n=e.getBoundingClientRect()).width+n.left,q.iterateOverQueue(t))}};t.exports=q});
$_mod.def("/highlnfe$91.1.2/src/pages/index/client-init",function(i,n,e,s,t){"use strict";i("/highlnfe$91.1.2/src/components/utils/lazy-load-images/index").init()});
$_mod.run("/highlnfe$91.1.2/src/pages/index/client-init",{wait:!1});</script><link rel="alternate" href="https://www.ebay.at" hreflang="de-at"><link rel="alternate" href="https://bo.ebay.com" hreflang="es-BO"><link rel="alternate" href="https://sv.ebay.com" hreflang="es-SV"><meta name="description" content="Buy &amp; sell electronics, cars, clothes, collectibles &amp; more on eBay, the world's online marketplace. Top brands, low prices &amp; free shipping on many items."><link rel="alternate" href="https://mx.ebay.com" hreflang="es-MX"><meta name="twitter:card" content="summary"><link rel="alternate" href="https://br.ebay.com" hreflang="pt-BR"><link rel="alternate" href="https://www.ebay.nl" hreflang="nl-nl"><link rel="alternate" href="https://www.ebay.pl" hreflang="pl-pl"><link rel="alternate" href="https://cn.ebay.com" hreflang="zh-CN"><link rel="alternate" href="https://www.ebay.com.sg" hreflang="en-sg"><link rel="alternate" href="https://www.ebay.ca" hreflang="en-ca"><link rel="alternate" href="https://www.befr.ebay.be" hreflang="fr-be"><link rel="alternate" href="https://ec.ebay.com" hreflang="es-EC"><link rel="canonical" href="https://www.ebay.com"><link rel="alternate" href="https://pt.ebay.com" hreflang="pt-PT"><link rel="alternate" href="https://ru.ebay.com" hreflang="ru-RU"><link rel="alternate" href="https://www.ebay.com" hreflang="en-us"><link rel="preconnect" href="https://ir.ebaystatic.com"><link rel="alternate" href="https://www.ebay.ie" hreflang="en-ie"><link rel="alternate" href="https://www.ebay.es" hreflang="es-es"><link rel="alternate" href="https://hn.ebay.com" hreflang="es-HN"><link rel="alternate" href="https://www.ebay.ph" hreflang="en-ph"><link rel="alternate" href="https://www.ebay.fr" hreflang="fr-fr"><meta name="msvalidate.01" content="34E98E6F27109BE1A9DCF19658EEEE33"><meta name="twitter:image" content="https://ir.ebaystatic.com/cr/v/c1/ebay-logo-1-1200x630-margin.png"><meta name="yandex-verification" content="6e11485a66d91eff"><meta http-equiv="content-language" content="en-us"><link rel="alternate" href="https://www.benl.ebay.be" hreflang="nl-be"><meta property="og:url" content="https://www.ebay.com"><link rel="alternate" href="https://www.ebay.com.au" hreflang="en-au"><link rel="alternate" href="https://by.ebay.com" hreflang="ru-BY"><meta name="google-site-verification" content="8kHr3jd3Z43q1ovwo0KVgo_NZKIEMjthBxti8m8fYTg"><link rel="alternate" href="https://co.ebay.com" hreflang="es-CO"><meta property="fb:app_id" content="102628213125203"><link rel="alternate" href="https://www.ebay.com.my" hreflang="en-my"><link rel="alternate" href="https://gt.ebay.com" hreflang="es-GT"><link rel="alternate" href="https://www.cafr.ebay.ca" hreflang="fr-ca"><meta property="og:description" content="Buy &amp; sell electronics, cars, clothes, collectibles &amp; more on eBay, the world's online marketplace. Top brands, low prices &amp; free shipping on many items."><link rel="alternate" href="https://www.ebay.de" hreflang="de-de"><meta name="referrer" content="unsafe-url"><link rel="alternate" href="https://www.ebay.co.uk" hreflang="en-gb"><link rel="alternate" href="https://ve.ebay.com" hreflang="es-VE"><link rel="alternate" href="https://do.ebay.com" hreflang="es-DO"><meta name="y_key" content="acf32e2a69cbc2b0"><link rel="alternate" href="https://cl.ebay.com" hreflang="es-CL"><link rel="alternate" href="https://cr.ebay.com" hreflang="es-CR"><meta property="og:image" content="https://ir.ebaystatic.com/cr/v/c1/ebay-logo-1-1200x630-margin.png"><link rel="alternate" href="https://il.ebay.com" hreflang="en-IL"><meta property="og:type" content="website"><link rel="alternate" href="https://pa.ebay.com" hreflang="es-PA"><link rel="alternate" href="https://uy.ebay.com" hreflang="es-UY"><link rel="alternate" href="https://ar.ebay.com" hreflang="es-AR"><meta name="twitter:description" content="Buy &amp; sell electronics, cars, clothes, collectibles &amp; more on eBay, the world's online marketplace. Top brands, low prices &amp; free shipping on many items."><meta name="twitter:site" content="@eBay"><title>Electronics, Cars, Fashion, Collectibles &amp; More | eBay</title><link rel="alternate" href="https://www.ebay.it" hreflang="it-it"><meta property="og:site_name" content="eBay"><link rel="alternate" href="https://kz.ebay.com" hreflang="ru-KZ"><link rel="alternate" href="https://www.ebay.ch" hreflang="de-ch"><meta name="360-site-verification" content="5f0e3731bf6d3fc8b2f58b1a585a788f"><link href="https://i.ebayimg.com" rel="preconnect"><link rel="alternate" href="https://pr.ebay.com" hreflang="es-PR"><link rel="alternate" href="https://in.ebay.com" hreflang="en-in"><link rel="alternate" href="https://py.ebay.com" hreflang="es-PY"><link rel="alternate" href="https://www.ebay.com.hk" hreflang="zh-hk"><meta name="twitter:title" content="Electronics, Cars, Fashion, Collectibles &amp; More | eBay"><meta property="og:title" content="Electronics, Cars, Fashion, Collectibles &amp; More | eBay"><link rel="alternate" href="https://ni.ebay.com" hreflang="es-NI"><link rel="alternate" href="https://pe.ebay.com" hreflang="es-PE"><!-- NGMARS SIGNATURE --><script type="application/ld+json">
            {
                "@context": "http://schema.org",
                "@type": "WebSite",
                "url": "https://www.ebay.com",
                "potentialAction": {
                    "@type": "SearchAction",
                    "target": "https://www.ebay.com/sch/i.html?_nkw={srch_str}&ssPageName=GSTL",
                    "query-input": "required name=srch_str"
                }
            }
        </script><script type="text/javascript" async="true" src="//www.ebay.com/scl/js/ScandalLoader.js"></script><script async="" type="text/javascript" src="https://ir.ebaystatic.com/cr/v/c1/sc/ScandalJS-2.1.20.min.js"></script></head><body class="desktop gh-flex"><div id="gh-gb" class="gh-sch-prom" tabindex="-1"></div><svg hidden=""><symbol id="icon-arrow-right-bold" viewBox="1.2 2.1 22 21"><path d="M11.704 22.098a1.48 1.48 0 01-1.02-.386 1.38 1.38 0 01-.413-.996c0-.375.146-.721.415-.978.411-.397 5.078-4.857 6.494-6.21H2.706c-1.035 0-1.506-.726-1.506-1.4 0-.679.471-1.406 1.506-1.406h14.472c-1.42-1.353-6.02-5.736-6.497-6.213-.292-.291-.445-.635-.442-.996a1.37 1.37 0 01.447-.975c.501-.479 1.354-.681 2.037.003.561.56 9.765 9.334 9.856 9.423l.173.163-.172.162c-.093.09-9.407 8.985-9.86 9.422-.264.258-.639.387-1.016.387"></path></symbol><symbol viewBox="0 0 8 14" id="icon-carousel-next"><path d="M1.005 14a1 1 0 01-.71-1.71l5.296-5.288L.296 1.714A1.004 1.004 0 011.714.294L7.71 6.292a1 1 0 010 1.41L1.714 13.7a.999.999 0 01-.709.3z"></path></symbol><symbol viewBox="0 0 8 14" id="icon-carousel-prev"><path d="M7.004 14a.999.999 0 01-.71-.291L.29 7.683a1.007 1.007 0 010-1.416L6.293.241a.998.998 0 011.359.053c.37.371.392.965.052 1.364L2.412 6.97l5.292 5.313c.287.286.375.717.221 1.093a1 1 0 01-.921.624z"></path></symbol><symbol viewBox="0 0 24 24" id="icon-pause"><path fill-rule="evenodd" d="M12 0c6.627 0 12 5.373 12 12s-5.373 12-12 12S0 18.627 0 12 5.373 0 12 0zm0 2C6.477 2 2 6.477 2 12s4.477 10 10 10 10-4.477 10-10S17.523 2 12 2zM9 6a1 1 0 011 1v10a1 1 0 01-2 0V7a1 1 0 011-1zm6 0a1 1 0 011 1v10a1 1 0 01-2 0V7a1 1 0 011-1z"></path></symbol><symbol id="icon-chevron-down-bold" viewBox="1.35 5.7 21.6 12.58"><path d="M12.186 18.285c-.451-.009-.809-.167-1.075-.441l-9.337-9.6a1.527 1.527 0 01-.424-.999v-.108c.015-.386.166-.741.424-1.008.56-.573 1.529-.57 2.082 0l8.294 8.53 8.292-8.532c.558-.57 1.526-.57 2.08 0 .265.27.416.629.428 1.01v.087c-.012.391-.165.75-.427 1.02l-9.333 9.6a1.443 1.443 0 01-1.004.441"></path></symbol></svg><script>$MG={"displayWidth":-1,"userIdSignIn":null}</script><script>
            // so we can add no-js styles as well
            document.body.classList.remove("hl-no-js");
        </script><div class="hl-pushdown" style="background-color:#FFFFFF;"><div class="hl-pushdown__wrapper"><div id="scandal100713" title="advertisement" class="hl-pushdown__container"></div><div id="scandalExpanded" title="advertisement" class="hl-pushdown__container transparent"></div><button type="button" disabled="" style="background-color:#FFFFFF;color:inherit;" class="hl-pushdown__toggle" data-marko="{&quot;onclick&quot;:&quot;togglePushdown s1 false&quot;}">Open <svg width="14px" height="8px" viewBox="0 0 14 8" version="1.1" xmlns="https://www.w3.org/2000/svg" xmlns:xlink="http://www.w3.org/1999/xlink"><desc>Expand Svg</desc><defs></defs><g id="btn-expand" stroke="none" stroke-width="1" fill="none" fill-rule="evenodd"><g fill-rule="nonzero" fill="inherit"><g><polygon points="6.5355339 6.8994949 6.7071068 7.0710678 13.0710678 0.7071068 12.363961 0 6.5355339 5.8284271 0.7071068 0 0 0.7071068 6.363961 7.0710678"></polygon></g></g></g></svg></button></div><div class="hl-pushdown__overlay" data-marko="{&quot;onclick&quot;:&quot;togglePushdown s1 false&quot;}"></div></div><style nonce="">.gh-hide-if-nocss{display:none;}.gh-ar-hdn{color:#fff}</style> <div class="gh-acc-exp-div gh-hide-if-nocss"><a id="gh-hdn-stm" class="gh-acc-a" href="#mainContent">Skip to main content</a></div><!--[if lt IE 9]><div id="gh" role="banner" class="gh-IE8 gh-flex gh-pre-js gh-w gh-simpleH "><![endif]--><div class="gh_stickyheader--wrapper"><div class="gh_stickyheader "><header id="gh" role="banner" data-sticky-imp-tracking="true" data-treatment="226853" data-sp="46888" class="gh-ui-6-5 gh-w gh-sch-prom gh-simpleH"><table class="gh-tbl" role="presentation"><tbody><tr><td class="gh-td"><h1 id="gh-l-h1"><!--[if lt IE 9]><a href="https://www.ebay.com/" _sp="m570.l2586" id="gh-la"><img width=117 height=120 style='clip:rect(47px, 118px, 95px, 0px); position:absolute; top:-47px;left:0' alt="eBay Logo" src="https://ir.ebaystatic.com/rs/v/apstidvcvu5pxlbxkphrrdo5iqv.png" id="gh-logo"></a><![endif]--><a href="https://www.ebay.com/" _sp="m570.l2586" id="gh-la"><img width="250" height="200" style="clip:rect(47px, 118px, 95px, 0px); position:absolute; top:-47px;left:0" alt="eBay Logo" src="https://ir.ebaystatic.com/rs/v/fxxj3ttftm5ltcqnto1o4baovyl.png" id="gh-logo"></a></h1></td><td class="gh-td"><div id="gh-shop" class="gh-hide-if-nocss"><button id="gh-shop-a" aria-expanded="false" class="gh-control" aria-controls="gh-sbc-o">Shop by category<i id="gh-shop-ei" class="gh-sprRetina"></i></button><div id="gh-sbc-o" class="gh-o"><h2 class="gh-ar-hdn">Shop by category</h2><table id="gh-sbc" role="presentation"><tbody><tr><td><h3 class="gh-sbc-parent"><a title="" href="https://www.ebay.com/b/Collectibles-Art/bn_7000259855" _sp="m570.l3410">Collectibles &amp; art<i class="gh-sbc-h3i gh-sprRetina"></i></a></h3><ul><li><a class="scnd" href="https://www.ebay.com/b/Collectibles/1/bn_1858810" _sp="m570.l3638">Collectibles</a></li><li><a class="scnd" href="https://www.ebay.com/b/Coins-Paper-Money/11116/bn_1857806" _sp="m570.l3637">Coins &amp; paper money</a></li><li><a class="scnd" href="https://www.ebay.com/b/Antiques/20081/bn_1851017" _sp="m570.l3636">Antiques</a></li><li><a class="scnd" href="https://www.ebay.com/b/Sports-Memorabilia-Fan-Shop-Sports-Cards/64482/bn_1857919" _sp="m570.l3639">Sports memorabilia</a></li></ul><h3 class="gh-sbc-parent"><a title="Your shopping destination for the best selection and value in electronics and accessories" href="https://www.ebay.com/b/Electronics/bn_7000259124" _sp="m570.l3413">Electronics<i class="gh-sbc-h3i gh-sprRetina"></i></a></h3><ul><li><a class="scnd" href="https://www.ebay.com/b/Computers-Tablets-Network-Hardware/58058/bn_1865247" _sp="m570.l3653">Computers &amp; tablets</a></li><li><a class="scnd" href="https://www.ebay.com/b/Cameras-Photo/625/bn_1865546" _sp="m570.l3654">Cameras &amp; photo</a></li><li><a class="scnd" href="https://www.ebay.com/b/TV-Video-Home-Audio-Electronics/32852/bn_1648392" _sp="m570.l3655">TV, audio &amp; surveillance</a></li><li><a class="scnd" href="https://www.ebay.com/b/Cell-Phones-Smart-Watches-Accessories/15032/bn_1865441" _sp="m570.l3652">Cell phones &amp; accessories</a></li></ul><h3 class="gh-sbc-parent"><a title="" href="https://www.ebay.com/b/Entertainment-Memorabilia/45100/bn_1859756" _sp="m570.l3649">Entertainment memorabilia<i class="gh-sbc-h3i gh-sprRetina"></i></a></h3><ul><li><a class="scnd" href="https://www.ebay.com/b/Video-Games-Consoles/1249/bn_1850232" _sp="m570.l3275">Video games &amp; consoles</a></li><li><a class="scnd" href="https://www.ebay.com/b/Music/bn_7000710860" _sp="m570.l3771">Music</a></li><li><a class="scnd" href="https://www.ebay.com/b/DVDs-Blu-ray-Discs/617/bn_223828" _sp="m570.l4133">DVDs &amp; movies</a></li><li><a class="scnd" href="https://www.ebay.com/b/Tickets-Experiences/1305/bn_1861080" _sp="m570.l3274">Tickets &amp; experiences</a></li></ul></td><td><h3 class="gh-sbc-parent"><a title="Your new destination for Clothing, Shoes &amp; Accessories on eBay" href="https://www.ebay.com/b/Fashion/bn_7000259856" _sp="m570.l3409">Fashion<i class="gh-sbc-h3i gh-sprRetina"></i></a></h3><ul><li><a class="scnd" href="https://www.ebay.com/b/Womens-Clothing/15724/bn_661783" _sp="m570.l3632">Women</a></li><li><a class="scnd" href="https://www.ebay.com/b/Mens-Clothing/1059/bn_696958" _sp="m570.l3633">Men</a></li><li><a class="scnd" href="https://www.ebay.com/b/Watches-Parts-Accessories/14324/bn_2408535" _sp="m570.l3634">Watches</a></li><li><a class="scnd" href="https://www.ebay.com/b/Shoes/bn_7000259122" _sp="m570.l3635">Shoes</a></li></ul><h3 class="gh-sbc-parent"><a title="" href="https://www.ebay.com/b/Home-Garden/11700/bn_1853126" _sp="m570.l3412">Home &amp; garden<i class="gh-sbc-h3i gh-sprRetina"></i></a></h3><ul><li><a class="scnd" href="https://www.ebay.com/b/Yard-Garden-Outdoor-Living-Items/159912/bn_1853607" _sp="m570.l3646">Yard, garden &amp; outdoor</a></li><li><a class="scnd" href="https://www.ebay.com/b/Art-Craft-Supplies/14339/bn_1851051" _sp="m570.l3647">Crafts</a></li><li><a class="scnd" href="https://www.ebay.com/b/Home-Improvement/159907/bn_1851980" _sp="m570.l4131">Home improvement</a></li><li><a class="scnd" href="https://www.ebay.com/b/Pet-Supplies/1281/bn_1853597" _sp="m570.l3773">Pet supplies</a></li></ul><h3 class="gh-sbc-parent"><a title="Buy and sell cars, trucks, vehicle parts, and accessories" href="https://www.ebay.com/b/Auto-Parts-and-Vehicles/6000/bn_1865334" _sp="m570.l3411">Motors<i class="gh-sbc-h3i gh-sprRetina"></i></a></h3><ul><li><a class="scnd" href="https://www.ebay.com/b/Auto-Parts-Accessories/6028/bn_569479" _sp="m570.l3640">Parts &amp; accessories</a></li><li><a class="scnd" href="https://www.ebay.com/b/Cars-Trucks/6001/bn_1865117" _sp="m570.l3641">Cars &amp; trucks</a></li><li><a class="scnd" href="https://www.ebay.com/b/Motorcycles/6024/bn_1865434" _sp="m570.l3642">Motorcycles</a></li><li><a class="scnd" href="https://www.ebay.com/b/Other-Vehicles-Trailers/6038/bn_1865426" _sp="m570.l3643">Other vehicles</a></li></ul></td><td><h3 class="gh-sbc-parent"><a title="" href="https://www.ebay.com/b/Sporting-Goods/888/bn_1865031" _sp="m570.l3414">Sporting goods<i class="gh-sbc-h3i gh-sprRetina"></i></a></h3><ul><li><a class="scnd" href="https://www.ebay.com/b/Outdoor-Sports/159043/bn_1855398" _sp="m570.l3648">Outdoor sports</a></li><li><a class="scnd" href="https://www.ebay.com/b/Team-Sports/159049/bn_1865097" _sp="m570.l4135">Team sports</a></li><li><a class="scnd" href="https://www.ebay.com/b/Fitness-Running-Yoga-Equipment/15273/bn_1855426" _sp="m570.l3650">Exercise &amp; fitness</a></li><li><a class="scnd" href="https://www.ebay.com/b/Golf-Equipment/1513/bn_1849088" _sp="m570.l3651">Golf</a></li></ul><h3 class="gh-sbc-parent"><a title="" href="https://www.ebay.com/b/Toys-Hobbies/220/bn_1865497" _sp="m570.l3645">Toys &amp; hobbies<i class="gh-sbc-h3i gh-sprRetina"></i></a></h3><ul><li><a class="scnd" href="https://www.ebay.com/b/Vintage-Antique-Toys/717/bn_1860860" _sp="m570.l4184">Vintage &amp; antique toys</a></li><li><a class="scnd" href="https://www.ebay.com/b/Kids-Toys-Hobbies/220/bn_80740459" _sp="m570.l4185">Kids toys</a></li><li><a class="scnd" href="https://www.ebay.com/b/Action-Figures/246/bn_1648288" _sp="m570.l1615">Action figures</a></li><li><a class="scnd" href="https://www.ebay.com/b/Dolls-Teddy-Bears/237/bn_1865477" _sp="m570.l4186">Dolls &amp; bears</a></li></ul><h3 class="gh-sbc-parent"><a title="" href="https://www.ebay.com/n/all-categories" _sp="m570.l3416">Other categories<i class="gh-sbc-h3i gh-sprRetina"></i></a></h3><ul><li><a class="scnd" href="https://www.ebay.com/b/Gift-Cards-Coupons/172008/bn_1858592" _sp="m570.l3417">Gift Cards</a></li><li><a class="scnd" href="https://www.ebay.com/b/Health-Beauty/26395/bn_1865479" _sp="m570.l3420">Health &amp; beauty</a></li><li><a class="scnd" href="https://www.ebay.com/b/Musical-Instruments-Gear/619/bn_1865601" _sp="m570.l3772">Musical instruments &amp; gear</a></li><li><a class="scnd" href="https://www.ebay.com/b/Business-Industrial/12576/bn_1853744" _sp="m570.l3768">Business &amp; industrial</a></li></ul><h3 class="gh-sbc-parent"><a title="" href="https://www.ebay.com/n/all-brands" _sp="m570.l45017" id="gh-shop-by-brand">All Brands<i class="gh-sbc-h3i gh-sprRetina"></i></a></h3><h3 class="gh-sbc-parent"><a title="" href="https://www.ebay.com/n/all-categories" _sp="m570.l3601" id="gh-shop-see-all-center">All Categories<i class="gh-sbc-h3i gh-sprRetina"></i></a></h3></td></tr></tbody></table></div></div></td><td class="gh-td-s"><form id="gh-f" method="get" action="https://www.ebay.com/sch/i.html"><input type="hidden" value="R40" name="_from"><input type="hidden" name="_trksid" value="m570.l1313"><table class="gh-tbl2" role="presentation"><tbody><tr><td class="gh-td-s"><div id="gh-ac-box"><div id="gh-ac-box2"><label for="gh-ac" class="gh-ar-hdn">Enter your search keyword</label><input type="text" class="gh-tb ui-autocomplete-input" size="50" maxlength="300" aria-label="Search for anything" placeholder="Search for anything" id="gh-ac" name="_nkw" autocapitalize="off" autocorrect="off" spellcheck="false" autocomplete="off"><input style="display:none"><script> if(document.getElementById('gh-ac').value.length !== 0) { document.getElementById('gh-ac-box').classList.add('gh-ac-box-focus'); document.getElementById('gh').classList.add('gh-sch-focus'); } </script><svg aria-hidden="true" class="icon icon--search gh-search__icon" focusable="false" height="14" width="14"><use xlink:href="#icon-search"></use></svg> </div></div></td><td class="gh-td" id="gh-cat-td"><div id="gh-cat-box"><select aria-label="Select a category for search" class="gh-sb " size="1" id="gh-cat" name="_sacat"><option value="0">All Categories</option><option value="20081">Antiques</option><option value="550">Art</option><option value="2984">Baby</option><option value="267">Books</option><option value="12576">Business &amp; Industrial</option><option value="625">Cameras &amp; Photo</option><option value="15032">Cell Phones &amp; Accessories</option><option value="11450">Clothing, Shoes &amp; Accessories</option><option value="11116">Coins &amp; Paper Money</option><option value="1">Collectibles</option><option value="58058">Computers/Tablets &amp; Networking</option><option value="293">Consumer Electronics</option><option value="14339">Crafts</option><option value="237">Dolls &amp; Bears</option><option value="11232">DVDs &amp; Movies</option><option value="6000">eBay Motors</option><option value="45100">Entertainment Memorabilia</option><option value="172008">Gift Cards &amp; Coupons</option><option value="26395">Health &amp; Beauty</option><option value="11700">Home &amp; Garden</option><option value="281">Jewelry &amp; Watches</option><option value="11233">Music</option><option value="619">Musical Instruments &amp; Gear</option><option value="1281">Pet Supplies</option><option value="870">Pottery &amp; Glass</option><option value="10542">Real Estate</option><option value="316">Specialty Services</option><option value="888">Sporting Goods</option><option value="64482">Sports Mem, Cards &amp; Fan Shop</option><option value="260">Stamps</option><option value="1305">Tickets &amp; Experiences</option><option value="220">Toys &amp; Hobbies</option><option value="3252">Travel</option><option value="1249">Video Games &amp; Consoles</option><option value="99">Everything Else</option></select></div></td><td class="gh-td gh-sch-btn"><input type="submit" class="btn btn-prim gh-spr" id="gh-btn" value="Search"><svg aria-hidden="true" class="icon icon--search gh-search-btn__icon" focusable="false" height="22" width="22"><use xlink:href="#icon-search"></use></svg></td><td class="gh-td" id="gh-as-td"><a title="Advanced Search" href="https://www.ebay.com/sch/ebayadvsearch" aria-label="Advanced Search" _sp="m570.l2614" id="gh-as-a">Advanced</a></td></tr></tbody></table></form></td><td class="gh-td"></td><td class="sticky_placeholder"><ul></ul></td></tr></tbody></table><div id="gh-top" class="gh-hide-if-nocss" role="navigation" aria-label="Account"><ul id="gh-topl"><li class="gh-t " id="gh-eb-u"><span id="gh-ug" class="gh-ug-guest">Hi! <a href="https://signin.ebay.com/ws/eBayISAPI.dll?SignIn&amp;ru=https%3A%2F%2Fwww.ebay.com%2F" _sp="m570.l1524">Sign in</a>&nbsp;<span id="gh-ug-flex">or <a href="https://reg.ebay.com/reg/PartialReg?ru=https%3A%2F%2Fwww.ebay.com%2F" _sp="m570.l2621">register</a></span></span></li><li class="gh-t gh-divider-l" id="gh-p-1"><a href="https://www.ebay.com/deals" _sp="m570.l3188" data-sp="m570.l31
[...]
"},{"text":"Collectibles","trksid":"m1382.l3254","url":"https://www.ebay.com/b/Collectibles/1/bn_1858810"},{"text":"Comics","trksid":"m1382.l3255","url":"https://www.ebay.com/b/Collectible-Comics/63/bn_1865459"},{"text":"Pottery & Glass","trksid":"m1382.l3256","url":"https://www.ebay.com/b/Pottery-Glass/870/bn_1851615"},{"text":"Sports Memorabilia & Apparel","trksid":"m1382.l3257","url":"https://www.ebay.com/b/Sports-Memorabilia-Fan-Shop-Sports-Cards/64482/bn_1857919"},{"text":"Sports Trading Cards","trksid":"m1382.l3258","url":"https://www.ebay.com/b/Sports-Trading-Cards-Accessories/212/bn_1859819"}]},"title":"Top Categories"},{"items-List":{"SubItem":[{"text":"Designer & Urban Vinyl","trksid":"m1382.l3259","url":"https://www.ebay.com/b/Designer-Urban-Vinyl-Action-Figures/158672/bn_221282"},{"text":"Funko Collectibles","trksid":"m1382.l3260","url":"https://www.ebay.com/b/Collectible-Funko-Bobbleheads-1970-Now/149372/bn_3017826"},{"text":"Entertainment Memorabilia","trksid":"m1382.l3261","url":"https://www.ebay.com/b/Entertainment-Memorabilia/45100/bn_1859756"},{"text":"Militaria","trksid":"m1382.l3262","url":"https://www.ebay.com/b/Militaria/13956/bn_1852614"},{"text":"Stamps","trksid":"m1382.l3263","url":"https://www.ebay.com/b/Stamps/260/bn_1865095"},{"text":"eBay Collective","trksid":"m1382.l3264","url":"https://www.ebay.com/b/eBay-Collective/bn_7116337831"},{"text":"Bullion Center","trksid":"m1382.l3265","url":"https://www.ebay.com/b/Bullion/39482/bn_1642568"},{"text":"Consignment Center","trksid":"m1382.l3266","url":"https://pages.ebay.com/rcp/consignmentcenter"}]},"title":"Additional Categories"}]},"trksid":"m1382.l3250","url":"https://www.ebay.com/b/Collectibles-Art/bn_7000259855"},{"hoverTrksid":"m1383.l6435","label":"Home & Garden","subcategories-List":{"SubCategoryItem":[{"items-List":{"SubItem":[{"text":"Tools","trksid":"m1383.l3251","url":"https://www.ebay.com/b/Tools-Workshop-Equipment/631/bn_1851815"},{"text":"Kitchen, Dining & Bar","trksid":"m1383.l3252","url":"https://www.ebay.com/b/Kitchen-Dining-Bar-Supplies/20625/bn_1865564"},{"text":"Smart Home","trksid":"m1383.l3253","url":"https://www.ebay.com/b/Surveillance-Smart-Home-Electronics/185067/bn_115028425"},{"text":"Yard, Garden & Outdoor","trksid":"m1383.l3254","url":"https://www.ebay.com/b/Yard-Garden-Outdoor-Living-Items/159912/bn_1853607"},{"text":"Vacuums","trksid":"m1383.l3255","url":"https://www.ebay.com/b/Vacuum-Cleaners/20614/bn_2310596"},{"text":"Outdoor Power Equipment","trksid":"m1383.l3256","url":"https://www.ebay.com/b/Outdoor-Power-Equipment/29518/bn_2309717"},{"text":"Home Improvement","trksid":"m1383.l3257","url":"https://www.ebay.com/b/Home-Improvement/159907/bn_1851980"},{"text":"Major Appliances","trksid":"m1383.l3266","url":"https://www.ebay.com/b/Major-Appliances-Parts-Accessories/20710/bn_1865562"}]},"title":"Top Categories"},{"items-List":{"SubItem":[{"text":"Certified Refurbished","trksid":"m1383.l3258","url":"https://www.ebay.com/b/Certified-Refurbished/bn_7040708936"},{"text":"Furniture","trksid":"m1383.l3259","url":"https://www.ebay.com/b/Home-Garden-Furniture/3197/bn_1642075"},{"text":"Bedding","trksid":"m1383.l3260","url":"https://www.ebay.com/b/Bedding/20444/bn_1864382"},{"text":"Home Décor","trksid":"m1383.l3261","url":"https://www.ebay.com/b/Home-Decor/10033/bn_1849733"},{"text":"Household & Cleaning Supplies","trksid":"m1383.l3262","url":"https://www.ebay.com/b/Household-Cleaning-Supplies/299/bn_1857080"},{"text":"Food & Beverage","trksid":"m1383.l3263","url":"https://www.ebay.com/b/Food-Beverages/14308/bn_1642947"},{"text":"Luggage & Travel","trksid":"m1383.l3264","url":"https://www.ebay.com/b/Travel/3252/bn_1848525"},{"text":"Home & Garden Deals","trksid":"m1383.l3265","url":"https://www.ebay.com/deals/home-garden"}]},"title":"Additional Categories"}]},"trksid":"m1383.l3250","url":"https://www.ebay.com/b/Home-Garden/11700/bn_1853126"},{"hoverTrksid":"m1384.l6435","label":"Sporting Goods","subcategories-List":{"SubCategoryItem":[{"items-List":{"SubItem":[{"text":"Golf","trksid":"m1384.l3251","url":"https://www.ebay.com/b/Golf-Equipment/1513/bn_1849088"},{"text":"Cycling","trksid":"m1384.l3252","url":"https://www.ebay.com/b/Cycling-Equipment/7294/bn_1848937"},{"text":"Fishing","trksid":"m1384.l3253","url":"https://www.ebay.com/b/Fishing-Equipment-Supplies/1492/bn_1851047"},{"text":"Hunting","trksid":"m1384.l3254","url":"https://www.ebay.com/b/Hunting-Equipment/7301/bn_1865054"},{"text":"Team Sports","trksid":"m1384.l3255","url":"https://www.ebay.com/b/Team-Sports/159049/bn_1865097"},{"text":"Fitness & Running","trksid":"m1384.l3256","url":"https://www.ebay.com/b/Fitness-Running-Yoga-Equipment/15273/bn_1855426"},{"text":"Outdoor Sports","trksid":"m1384.l3257","url":"https://www.ebay.com/b/Outdoor-Sports/159043/bn_1855398"}]},"title":"Top Categories"},{"items-List":{"SubItem":[{"text":"Archery","trksid":"m1384.l3258","url":"https://www.ebay.com/b/Archery-Equipment/20835/bn_1971493"},{"text":"Camping Equipment","trksid":"m1384.l3259","url":"https://www.ebay.com/b/Camping-Hiking-Equipment/16034/bn_1959887"},{"text":"Fitness Tech","trksid":"m1384.l3260","url":"https://www.ebay.com/b/Fitness-Technology/44075/bn_1944181"},{"text":"Water Sports","trksid":"m1384.l3261","url":"https://www.ebay.com/b/Water-Sports/159136/bn_1855031"},{"text":"Equestrian Equipment","trksid":"m1384.l3262","url":"https://www.ebay.com/b/Equestrian-Equipment/3153/bn_1997329"},{"text":"Electric Scooters","trksid":"m1384.l3263","url":"https://www.ebay.com/b/Electric-Scooters/47349/bn_1995803"},{"text":"Winter Sports","trksid":"m1384.l3264","url":"https://www.ebay.com/b/Winter-Sports/36259/bn_1853285"}]},"title":"Additional Categories"}]},"trksid":"m1384.l3250","url":"https://www.ebay.com/b/Sporting-Goods/888/bn_1865031"},{"hoverTrksid":"m1385.l6435","label":"Toys","subcategories-List":{"SubCategoryItem":[{"items-List":{"SubItem":[{"text":"Action Figures","trksid":"m1385.l3251","url":"https://www.ebay.com/b/Action-Figures/246/bn_1648288"},{"text":"Building Toys & LEGOs","trksid":"m1385.l3252","url":"https://www.ebay.com/b/Building-Toys/183446/bn_1865257"},{"text":"Board & Traditional Games","trksid":"m1385.l3253","url":"https://www.ebay.com/b/Games/233/bn_1849806"},{"text":"Collectible Card Games","trksid":"m1385.l3254","url":"https://www.ebay.com/b/Collectible-Card-Games-Accessories/2536/bn_1852210"},{"text":"Outdoor Toys","trksid":"m1385.l3255","url":"https://www.ebay.com/b/Outdoor-Toys-Structures/11743/bn_1849278"},{"text":"Dolls & Bears","trksid":"m1385.l3256","url":"https://www.ebay.com/b/Dolls-Teddy-Bears/237/bn_1865477"},{"text":"Preschool & Pretend Play","trksid":"m1385.l3257","url":"https://www.ebay.com/b/Preschool-Toys-Pretend-Play/19169/bn_1864380"},{"text":"Model Railroads & Trains","trksid":"m1385.l47187","url":"https://www.ebay.com/b/Model-Railroads-Trains/180250/bn_1642683"}]},"title":"Top Categories"},{"items-List":{"SubItem":[{"text":"Diecast & Toy Vehicles","trksid":"m1385.l3258","url":"https://www.ebay.com/b/Diecast-Toy-Vehicles/222/bn_1850842"},{"text":"Drones & RC Vehicles","trksid":"m1385.l3259","url":"https://www.ebay.com/b/RC-Model-Vehicles-Toys-Control-Line/2562/bn_1851704"},{"text":"STEM & Educational Toys","trksid":"m1385.l3260","url":"https://www.ebay.com/b/Educational-Toys/11731/bn_1850489"},{"text":"Toy Models & Kits","trksid":"m1385.l3261","url":"https://www.ebay.com/b/Toy-Models-Kits/1188/bn_1852447"},{"text":"Art Supplies & Crafts","trksid":"m1385.l3262","url":"https://www.ebay.com/b/Art-Craft-Supplies/14339/bn_1851051"},{"text":"Toy Deals","trksid":"m1385.l3263","url":"https://www.ebay.com/deals/other-deals/toys"}]},"title":"Additional Categories"}]},"trksid":"m1385.l3250","url":"https://www.ebay.com/b/Toys-Hobbies/220/bn_1865497"},{"hoverTrksid":"m1386.l6435","label":"Business & Industrial","subcategories-List":{"SubCategoryItem":[{"items-List":{"SubItem":[{"text":"Heavy Equipment","trksid":"m1386.l3251","url":"https://www.ebay.com/b/Heavy-Equipment/177641/bn_1511518"},{"text":"Healthcare","trksid":"m1386.l3252","url":"https://www.ebay.com/b/Healthcare-Lab-Dental/11815/bn_1851782"},{"text":"Dental","trksid":"m1386.l3253","url":"https://www.ebay.com/b/Dental/bn_7115058704"},{"text":"Construction Jobsite Supplies","trksid":"m1386.l3254","url":"https://www.ebay.com/b/Construction-Jobsite-Supplies/bn_7004249159"},{"text":"CNC, Metalworking & Manufacturing","trksid":"m1386.l3255","url":"https://www.ebay.com/b/CNC-Metalworking-Manufacturing/11804/bn_1861284"},{"text":"Restaurant & Food Service","trksid":"m1386.l3256","url":"https://www.ebay.com/b/Restaurant-Food-Service/11874/bn_1865467"},{"text":"Test, Measurement & Inspection Equipment","trksid":"m1386.l3257","url":"https://www.ebay.com/b/Test-Measurement-Inspection-Equipment/181939/bn_16566063"}]},"title":"Top Categories"},{"items-List":{"SubItem":[{"text":"Office Equipment & Supplies","trksid":"m1386.l3258","url":"https://www.ebay.com/b/Office-Equipment-Supplies/25298/bn_1856567"},{"text":"Automation Control Equipment","trksid":"m1386.l3259","url":"https://www.ebay.com/b/Industrial-Automation-Control-Equipment/42892/bn_2309506"},{"text":"Packing & Shipping","trksid":"m1386.l3260","url":"https://www.ebay.com/b/Packing-Shipping/19273/bn_1865376"},{"text":"Light Equipment & Tools","trksid":"m1386.l3261","url":"https://www.ebay.com/b/Light-Industrial-Equipment-Tools/61573/bn_1521576"},{"text":"Electrical Equipment & Supplies","trksid":"m1386.l3262","url":"https://www.ebay.com/b/Electrical-Equipment-Supplies/92074/bn_1852224"},{"text":"Heavy Equipment Attachments","trksid":"m1386.l3263","url":"https://www.ebay.com/b/Heavy-Equipment-Attachments/177647/bn_1309146"},{"text":"Heavy Equipment Parts & Accessories","trksid":"m1386.l47188","url":"https://www.ebay.com/b/Heavy-Equipment-Parts-Accessories/41489/bn_7208228"}]},"title":"Additional Categories"}]},"trksid":"m1386.l3250","url":"https://www.ebay.com/b/Business-Industrial/12576/bn_1853744"},{"hoverTrksid":"m1387.l6435","label":"Music","subcategories-List":{"SubCategoryItem":[{"items-List":{"SubItem":[{"text":"Guitars & Basses","trksid":"m1387.l3251","url":"https://www.ebay.com/b/Guitars-Basses/3858/bn_1865236"},{"text":"Drums & Percussion","trksid":"m1387.l3252","url":"https://www.ebay.com/b/Percussion-Instruments/180012/bn_1853035"},{"text":"Piano & Keyboards","trksid":"m1387.l3253","url":"https://www.ebay.com/b/Pianos-Keyboards-Organs/180010/bn_1865100"},{"text":"Brass Instruments","trksid":"m1387.l3254","url":"https://www.ebay.com/b/Brass-Instruments/16212/bn_1852469"},{"text":"Wind Instruments","trksid":"m1387.l3255","url":"https://www.ebay.com/b/Wind-Woodwind-Instruments/10181/bn_1860352"},{"text":"String Instruments","trksid":"m1387.l3256","url":"https://www.ebay.com/b/String-Instruments/180016/bn_1865268"},{"text":"All Instruments","trksid":"m1387.l3257","url":"https://www.ebay.com/b/Musical-Instruments-Gear/619/bn_1865601"}]},"title":"Top Categories"},{"items-List":{"SubItem":[{"text":"Vinyl Records","trksid":"m1387.l3258","url":"https://www.ebay.com/b/Vinyl-Music-Records/176985/bn_1860303"},{"text":"Music CDs","trksid":"m1387.l3259","url":"https://www.ebay.com/b/Music-CDs/176984/bn_221164"},{"text":"DJ Equipment","trksid":"m1387.l3260","url":"https://www.ebay.com/b/DJ-Equipment/48458/bn_16562590"},{"text":"Pro Audio Equipment","trksid":"m1387.l3261","url":"https://www.ebay.com/b/Pro-Audio-Equipment/180014/bn_1865231"},{"text":"Stage Lighting & Effects","trksid":"m1387.l3262","url":"https://www.ebay.com/b/Stage-Lighting-Effects/12922/bn_1855494"},{"text":"Tickets & Experiences","trksid":"m1387.l3263","url":"https://www.ebay.com/b/Tickets-Experiences/1305/bn_1861080"},{"text":"Vintage Instruments","trksid":"m1387.l3264","url":"https://www.ebay.com/b/Vintage-Musical-Instruments/181162/bn_7203753"},{"text":"Authorized Resellers","trksid":"m1387.l3265","url":"https://www.ebay.com/b/Authorized-Resellers-of-Musical-Instruments-and-Gear/bn_7003792621"}]},"title":"Additional Categories"}]},"trksid":"m1387.l3250","url":"https://www.ebay.com/b/Music/bn_7000710860"},{"hoverTrksid":"m1388.l6435","label":"Deals","subcategories-List":{"SubCategoryItem":[{"items-List":{"SubItem":[{"text":"Daily Deals","trksid":"m1388.l3251","url":"https://www.ebay.com/deals"},{"text":"Electronic Deals","trksid":"m1388.l3252","url":"https://www.ebay.com/deals/tech"},{"text":"Fashion Deals","trksid":"m1388.l3253","url":"https://www.ebay.com/deals/fashion"},{"text":"Home & Garden Deals","trksid":"m1388.l3254","url":"https://www.ebay.com/deals/home-garden"},{"text":"Sporting Goods Deals","trksid":"m1388.l3255","url":"https://www.ebay.com/deals/sporting-goods"},{"text":"Automotive Deals","trksid":"m1388.l3256","url":"https://www.ebay.com/deals/automotive"},{"text":"Gift Cards","trksid":"m1388.l3257","url":"https://www.ebay.com/b/Gift-Cards-Coupons/172008/bn_1858592"}]},"title":"Top Categories"},{"items-List":{"SubItem":[{"text":"Collectibles & Art Deals","trksid":"m1388.l3258","url":"https://www.ebay.com/deals/other-deals/collectibles"},{"text":"Toy Deals","trksid":"m1388.l3259","url":"https://www.ebay.com/deals/other-deals/toys"},{"text":"Travel Deals","trksid":"m1388.l3260","url":"https://www.ebay.com/deals/other-deals/luggage-travel"},{"text":"Music & Gear Deals","trksid":"m1388.l3261","url":"https://www.ebay.com/deals/other-deals/music-gear"},{"text":"Pet Supply Deals","trksid":"m1388.l3262","url":"https://www.ebay.com/deals/home-garden/pet-supplies"},{"text":"Sports Memorabilia Deals","trksid":"m1388.l3263","url":"https://www.ebay.com/deals/other-deals/sports-fan-shop"},{"text":"Coin Deals","trksid":"m1388.l3264","url":"https://www.ebay.com/deals/other-deals/coins"}]},"title":"Additional Categories"}]},"trksid":"m1388.l3250","url":"https://www.ebay.com/deals"}]}}},"catNavIds":[19392,19393,19394,19395,19396,19397,19398,19399,19400,19401,20858],"rtmUrl":"https://srv.main.ebayrtm.com/rtm?RtmCmd&a=json&uf=0&g=51f56a631740a4e867006e4affffecdc&cg=0&c=1H4sIAAAAAAAAAy1PTUvDQBC951cMeGnA7M7O5GON7EE8VKnBQyr1IJQ0XUlomixtJNRf78b2Mu%2FN15t5dxu7h9I6QAJCQh9yFedMsCzWEWaIsLiyHDEMHOvUYOAoYXPxGaMpht%2B26yqZCD9aVHXbj8O5eYTXfrQd%2BAK8l%2FAJCrcq2aYhPDnX2Y3drdpRJpwJTmGxelkXb%2FfQtQcLS1sfhhCem9NwtFJ7WRErzUIzlNV3dWpvW4FTNL8SszJqBroCG9tHH%2BVMY9%2Bv271h%2FfWDiL5NvhZ59IKGWCMm2Zx4BUKc%2FZBpxtGdcymnaRJ2V11EPRzlbDz732R%2FLtVCPaRCEQmKKfgD5868kkQBAAA%3D&p=19392:19393:19394:19395:19396:19397:19398:19399:19400:19401:20858&di=19392:19393:19394:19395:19396:19397:19398:19399:19400:19401:20858&v=4&enc=UTF-8","fallbackRtmUrl":"https://pages.ebay.com/rtm_default/1200/{{PLACEMENT_ID}}.html","roverUrl":"rover.ebay.com","isGeoCountry":false,"i18n":{"home":"Home","tooltipTitle":"Looking for your old homepage?","tooltipSubTitle":"Find updates to saved searches and sellers here.","expandCategory":"Expand:","more":"More","following":"Following","saved":"Saved"},"feedUrl":"https://www.ebay.com/feed"},"isTouchScreen":false,"enableFollowingTooltip":false,"iHeartEbayEnabled":true},{"f":1,"s":{"initialized":false,"currentTabIndex":null}}]],"t":["/highlnfe$91.1.2/src/components/hl-scandal-ad/component-browser","/highlnfe$91.1.2/src/components/atoms/hl-cta-arrow/template.marko","/highlnfe$91.1.2/src/components/atoms/hl-textual-display/component-browser","/highlnfe$91.1.2/src/components/hl-carousel/index.marko","/highlnfe$91.1.2/src/components/atoms/hl-card-header/component-browser","/onboarding-dialog$0.2.24/dist/components/onboarding-error/component-browser","/highlnfe$91.1.2/src/components/cards/hl-leaderboard-ad/index.marko","/highlnfe$91.1.2/src/components/hl-ad-tracking/index.marko","/highlnfe$91.1.2/src/components/hl-category-nav/index.marko"]},"$$":[{"l":["w",48,2,"items",0,"renderBody"],"r":{"type":"NOOP"}},{"l":["w",48,2,"items",1,"renderBody"],"r":{"type":"NOOP"}},{"l":["w",48,2,"items",2,"renderBody"],"r":{"type":"NOOP"}},{"l":["w",48,2,"items",3,"renderBody"],"r":{"type":"NOOP"}},{"l":["w",48,2,"items",4,"renderBody"],"r":{"type":"NOOP"}},{"l":["w",48,2,"items",5,"renderBody"],"r":{"type":"NOOP"}},{"l":["w",48,2,"items",6,"renderBody"],"r":{"type":"NOOP"}},{"l":["w",48,2,"items",7,"renderBody"],"r":{"type":"NOOP"}},{"l":["w",48,2,"items",8,"renderBody"],"r":{"type":"NOOP"}},{"l":["w",48,2,"items",9,"renderBody"],"r":{"type":"NOOP"}},{"l":["w",48,2,"items",10,"renderBody"],"r":{"type":"NOOP"}},{"l":["w",48,2,"items",11,"renderBody"],"r":{"type":"NOOP"}},{"l":["w",48,2,"items",12,"renderBody"],"r":{"type":"NOOP"}},{"l":["w",48,2,"items",13,"renderBody"],"r":{"type":"NOOP"}},{"l":["w",50,2,"append","renderBody"],"r":{"type":"NOOP"}},{"l":["w",52,2,"title"],"r":["w",51,2,"model"]},{"l":["w",52,2,"seeAll"],"r":["w",50,2,"model"]},{"l":["w",62,2,"title"],"r":["w",61,2,"model"]},{"l":["w",83,2,"items",0,"renderBody"],"r":{"type":"NOOP"}},{"l":["w",83,2,"items",1,"renderBody"],"r":{"type":"NOOP"}},{"l":["w",83,2,"items",2,"renderBody"],"r":{"type":"NOOP"}},{"l":["w",83,2,"items",3,"renderBody"],"r":{"type":"NOOP"}},{"l":["w",83,2,"items",4,"renderBody"],"r":{"type":"NOOP"}},{"l":["w",83,2,"items",5,"renderBody"],"r":{"type":"NOOP"}},{"l":["w",83,2,"items",6,"renderBody"],"r":{"type":"NOOP"}},{"l":["w",83,2,"items",7,"renderBody"],"r":{"type":"NOOP"}},{"l":["w",107,2,"items",0,"renderBody"],"r":{"type":"NOOP"}},{"l":["w",107,2,"items",1,"renderBody"],"r":{"type":"NOOP"}},{"l":["w",107,2,"items",2,"renderBody"],"r":{"type":"NOOP"}}]})||w.$components})()</script><img src="https://rover.ebay.com/roverimp/0/0/9?imp=2046301&amp;trknvp=cp%3D2380057%26ghi%3D98&amp;1599102872736" width="1" height="1" border="0" alt=""><script src="https://ocsrest.ebay.com/ocsrsapp/o2/inflow/inflowcomponent?input=%7B%22pageId%22%3A2387624%2C%22surveyTitle%22%3A%22Tell%20us%20what%20you%20think%22%2C%22posTop%22%3A504%7D&amp;callback=Inflow.cb"></script><script type="text/javascript" async="" src="https://cs.ns1p.net/p.js?a=c4cra1"></script><img src="https://svcs.ebay.com/delstats/imp/rtm?p=100004&amp;mc=Z3VpZD01MWY1NmE2MzE3NDBhNGU4NjcwMDZlNGFmZmZmZWNkY3x1bD1lbi1VU3x0PTB8Ync9TEFSR0V8dGR0PWlpZDo0OTgwNzk1MDA0MjMzNjk3ODQ1LGNsa2lkOjQ5ODA3OTUwMDQyMzM2OTc4NDR8cGxtdD0oY2lkOjQwNDI3IGdiaDogaWlkOjQ5ODA3OTUwMDQyMzM2OTc4NDUgbWlkOjYxNjcxIHBpZDoxMDAwMDQgc2lkOi0xIHRpZDoyYzA4ZWIyMy0xY2EzLTRkZGUtYjYyYi0yNWE4NWIwOGExN2IgdHR5cGU6SE9NRV9QQUdFX0JBTk5FUl9NU0UgdmlkOnpiczdnMjJkY25jMGpzeXRza3N4dDZ0ZGhpd3hqejdqMjZnbTVneXZlMjFhZnJzenFkM3E4YmtkbGVoamRzMWkpfHVjPTF8bT02MTY3MXxicz0w" alt="" style="position: absolute" width="1" height="1" border="0"><img src="https://svcs.ebay.com/delstats/imp/rtm?p=100000&amp;mc=Z3VpZD01MWY1NmE2MzE3NDBhNGU4NjcwMDZlNGFmZmZmZWNkY3x1bD1lbi1VU3x0PTB8Ync9TEFSR0V8dGR0PWlpZDo0OTgwNzk1MDA4NTk4MzIzMzU1LGNsa2lkOjQ5ODA3OTUwMDg1OTgzMjMzNTR8cGxtdD0oY2lkOjQyMjM4IGdiaDogaWlkOjQ5ODA3OTUwMDg1OTgzMjMzNTUgbWlkOjY0NjAwIHBpZDoxMDAwMDAgc2lkOi0xIHRpZDo1MmMzMjM3MS0yNzhlLTRmOTctODhjMy1hOTI4Zjc1OTQ2NTAgdHR5cGU6SE9NRV9QQUdFX0JBTk5FUl9WRUxPQ0lUWSB2aWQ6NzNiOTM4N2JmNDU5ODQyZWFiNjJlMWRlMTNkYWRmMDZiMjhiNzViZDA2NmZlMDM3Y2IwZTExMjdiMDkxZjRjMSl8dWM9MXxtPTY0NjAwfGJzPTA=" alt="" style="position: absolute" width="1" height="1" border="0"><script src="https://ir.ebaystatic.com/cr/v/c1/globalheader_widget_platform__v2-65ca700c30b--ie11.js" async=""></script><iframe src="javascript:false" width="0" height="0" title="" id="hiddenGpt" style="display: none;"></iframe><iframe src="javascript:false" width="0" height="0" title="" id="hiddenPulsar" data-lightweightiframe="" style="display: none;" cd_frame_id_="51213f54f2b2ead822e5c97aabd3dfe0"></iframe></body></html>
]]></system-out>
    <system-err><![CDATA[Starting ChromeDriver 85.0.4183.87 (cd6713ebf92fa1cacc0f1a598df280093af0c5d7-refs/branch-heads/4183@{#1689}) on port 7143
Only local connections are allowed.
Please see https://chromedriver.chromium.org/security-considerations for suggestions on keeping ChromeDriver safe.
ChromeDriver was started successfully.
Sep 02, 2020 11:14:31 PM org.openqa.selenium.remote.ProtocolHandshake createSession
INFO: Detected dialect: W3C
]]></system-err>
  </testcase>
</testsuite>