<?xml version="1.0" encoding="UTF-8"?>
<!-- Generated by org.testng.reporters.JUnitXMLReporter -->
<testsuite ignored="0" hostname="MacBook-Pro-2.home" failures="0" tests="29" name="Surefire test" time="0.102" errors="0" timestamp="2020-09-02T00:46:03 EDT">
  <testcase classname="base.CommonAPI" name="@BeforeMethod setUp" time="-1.59902196369E9">
    <failure type="org.testng.TestNGException" message="
Parameter &amp;apos;url&amp;apos; is required by BeforeMethod on method setUp but has not been marked @Optional or defined
">
      <![CDATA[org.testng.TestNGException: 
Parameter 'url' is required by BeforeMethod on method setUp but has not been marked @Optional or defined

at java.base/java.util.ArrayList.forEach(ArrayList.java:1540)
... Removed 33 stack frames]]>
    </failure>
  </testcase> <!-- @BeforeMethod setUp -->
  <testcase classname="homeTest.BestSellerTest" name="@BeforeMethod init" time="-1.5990219637E9">
    <skipped/>
  </testcase> <!-- @BeforeMethod init -->
  <testcase classname="base.CommonAPI" name="@AfterMethod cleanUp" time="0.002">
    <failure type="java.lang.NullPointerException">
      <![CDATA[java.lang.NullPointerException
at base.CommonAPI.cleanUp(CommonAPI.java:58)
at java.base/java.util.ArrayList.forEach(ArrayList.java:1540)
... Removed 37 stack frames]]>
    </failure>
  </testcase> <!-- @AfterMethod cleanUp -->
  <testcase classname="base.CommonAPI" name="@BeforeMethod setUp" time="-1.599021963708E9">
    <skipped/>
  </testcase> <!-- @BeforeMethod setUp -->
  <testcase classname="homeTest.BestSellerTest" name="@BeforeMethod init" time="-1.599021963708E9">
    <skipped/>
  </testcase> <!-- @BeforeMethod init -->
  <testcase classname="base.CommonAPI" name="@AfterMethod cleanUp" time="0.0">
    <failure type="java.lang.NullPointerException">
      <![CDATA[java.lang.NullPointerException
at base.CommonAPI.cleanUp(CommonAPI.java:58)
at java.base/java.util.ArrayList.forEach(ArrayList.java:1540)
... Removed 37 stack frames]]>
    </failure>
  </testcase> <!-- @AfterMethod cleanUp -->
  <testcase classname="base.CommonAPI" name="@BeforeMethod setUp" time="-1.59902196371E9">
    <skipped/>
  </testcase> <!-- @BeforeMethod setUp -->
  <testcase classname="homeTest.BestSellerTest" name="@BeforeMethod init" time="-1.59902196371E9">
    <skipped/>
  </testcase> <!-- @BeforeMethod init -->
  <testcase classname="base.CommonAPI" name="@AfterMethod cleanUp" time="0.0">
    <failure type="java.lang.NullPointerException">
      <![CDATA[java.lang.NullPointerException
at base.CommonAPI.cleanUp(CommonAPI.java:58)
at java.base/java.util.ArrayList.forEach(ArrayList.java:1540)
... Removed 37 stack frames]]>
    </failure>
  </testcase> <!-- @AfterMethod cleanUp -->
  <testcase classname="base.CommonAPI" name="@BeforeMethod setUp" time="-1.599021963711E9">
    <failure type="org.testng.TestNGException" message="
Parameter &amp;apos;url&amp;apos; is required by BeforeMethod on method setUp but has not been marked @Optional or defined
">
      <![CDATA[org.testng.TestNGException: 
Parameter 'url' is required by BeforeMethod on method setUp but has not been marked @Optional or defined

at java.base/java.util.ArrayList.forEach(ArrayList.java:1540)
... Removed 33 stack frames]]>
    </failure>
  </testcase> <!-- @BeforeMethod setUp -->
  <testcase classname="homeTest.CustomerServiceTest" name="@BeforeMethod init" time="-1.599021963712E9">
    <skipped/>
  </testcase> <!-- @BeforeMethod init -->
  <testcase classname="base.CommonAPI" name="@AfterMethod cleanUp" time="0.001">
    <failure type="java.lang.NullPointerException">
      <![CDATA[java.lang.NullPointerException
at base.CommonAPI.cleanUp(CommonAPI.java:58)
at java.base/java.util.ArrayList.forEach(ArrayList.java:1540)
... Removed 37 stack frames]]>
    </failure>
  </testcase> <!-- @AfterMethod cleanUp -->
  <testcase classname="base.CommonAPI" name="@BeforeMethod setUp" time="-1.599021963713E9">
    <failure type="org.testng.TestNGException" message="
Parameter &amp;apos;url&amp;apos; is required by BeforeMethod on method setUp but has not been marked @Optional or defined
">
      <![CDATA[org.testng.TestNGException: 
Parameter 'url' is required by BeforeMethod on method setUp but has not been marked @Optional or defined

at java.base/java.util.ArrayList.forEach(ArrayList.java:1540)
... Removed 33 stack frames]]>
    </failure>
  </testcase> <!-- @BeforeMethod setUp -->
  <testcase classname="homeTest.RegistryTest" name="@BeforeMethod init" time="-1.599021963714E9">
    <skipped/>
  </testcase> <!-- @BeforeMethod init -->
  <testcase classname="base.CommonAPI" name="@AfterMethod cleanUp" time="0.001">
    <failure type="java.lang.NullPointerException">
      <![CDATA[java.lang.NullPointerException
at base.CommonAPI.cleanUp(CommonAPI.java:58)
at java.base/java.util.ArrayList.forEach(ArrayList.java:1540)
... Removed 37 stack frames]]>
    </failure>
  </testcase> <!-- @AfterMethod cleanUp -->
  <testcase classname="base.CommonAPI" name="@BeforeMethod setUp" time="-1.599021963715E9">
    <failure type="org.testng.TestNGException" message="
Parameter &amp;apos;url&amp;apos; is required by BeforeMethod on method setUp but has not been marked @Optional or defined
">
      <![CDATA[org.testng.TestNGException: 
Parameter 'url' is required by BeforeMethod on method setUp but has not been marked @Optional or defined

at java.base/java.util.ArrayList.forEach(ArrayList.java:1540)
... Removed 33 stack frames]]>
    </failure>
  </testcase> <!-- @BeforeMethod setUp -->
  <testcase classname="homeTest.SellClassTest" name="@BeforeMethod init" time="-1.599021963716E9">
    <skipped/>
  </testcase> <!-- @BeforeMethod init -->
  <testcase classname="base.CommonAPI" name="@AfterMethod cleanUp" time="0.0">
    <failure type="java.lang.NullPointerException">
      <![CDATA[java.lang.NullPointerException
at base.CommonAPI.cleanUp(CommonAPI.java:58)
at java.base/java.util.ArrayList.forEach(ArrayList.java:1540)
... Removed 37 stack frames]]>
    </failure>
  </testcase> <!-- @AfterMethod cleanUp -->
  <testcase classname="base.CommonAPI" name="@BeforeMethod setUp" time="-1.599021963717E9">
    <failure type="org.testng.TestNGException" message="
Parameter &amp;apos;url&amp;apos; is required by BeforeMethod on method setUp but has not been marked @Optional or defined
">
      <![CDATA[org.testng.TestNGException: 
Parameter 'url' is required by BeforeMethod on method setUp but has not been marked @Optional or defined

at java.base/java.util.ArrayList.forEach(ArrayList.java:1540)
... Removed 33 stack frames]]>
    </failure>
  </testcase> <!-- @BeforeMethod setUp -->
  <testcase classname="homeTest.FindAGiftTest" name="@BeforeMethod init" time="-1.599021963718E9">
    <skipped/>
  </testcase> <!-- @BeforeMethod init -->
  <testcase classname="base.CommonAPI" name="@AfterMethod cleanUp" time="0.001">
    <failure type="java.lang.NullPointerException">
      <![CDATA[java.lang.NullPointerException
at base.CommonAPI.cleanUp(CommonAPI.java:58)
at java.base/java.util.ArrayList.forEach(ArrayList.java:1540)
... Removed 37 stack frames]]>
    </failure>
  </testcase> <!-- @AfterMethod cleanUp -->
  <testcase classname="base.CommonAPI" name="@BeforeMethod setUp" time="-1.599021963719E9">
    <failure type="org.testng.TestNGException" message="
Parameter &amp;apos;url&amp;apos; is required by BeforeMethod on method setUp but has not been marked @Optional or defined
">
      <![CDATA[org.testng.TestNGException: 
Parameter 'url' is required by BeforeMethod on method setUp but has not been marked @Optional or defined

at java.base/java.util.ArrayList.forEach(ArrayList.java:1540)
... Removed 33 stack frames]]>
    </failure>
  </testcase> <!-- @BeforeMethod setUp -->
  <testcase classname="homeTest.AmazonBasicsTest" name="@BeforeMethod init" time="-1.59902196372E9">
    <skipped/>
  </testcase> <!-- @BeforeMethod init -->
  <testcase classname="base.CommonAPI" name="@AfterMethod cleanUp" time="0.001">
    <failure type="java.lang.NullPointerException">
      <![CDATA[java.lang.NullPointerException
at base.CommonAPI.cleanUp(CommonAPI.java:58)
at java.base/java.util.ArrayList.forEach(ArrayList.java:1540)
... Removed 37 stack frames]]>
    </failure>
  </testcase> <!-- @AfterMethod cleanUp -->
  <testcase classname="base.CommonAPI" name="@BeforeMethod setUp" time="-1.599021963721E9">
    <failure type="org.testng.TestNGException" message="
Parameter &amp;apos;url&amp;apos; is required by BeforeMethod on method setUp but has not been marked @Optional or defined
">
      <![CDATA[org.testng.TestNGException: 
Parameter 'url' is required by BeforeMethod on method setUp but has not been marked @Optional or defined

at java.base/java.util.ArrayList.forEach(ArrayList.java:1540)
... Removed 33 stack frames]]>
    </failure>
  </testcase> <!-- @BeforeMethod setUp -->
  <testcase classname="homeTest.FreeShippingTest" name="@BeforeMethod init" time="-1.599021963722E9">
    <skipped/>
  </testcase> <!-- @BeforeMethod init -->
  <testcase classname="base.CommonAPI" name="@AfterMethod cleanUp" time="0.0">
    <failure type="java.lang.NullPointerException">
      <![CDATA[java.lang.NullPointerException
at base.CommonAPI.cleanUp(CommonAPI.java:58)
at java.base/java.util.ArrayList.forEach(ArrayList.java:1540)
... Removed 37 stack frames]]>
    </failure>
  </testcase> <!-- @AfterMethod cleanUp -->
  <testcase classname="base.CommonAPI" name="@BeforeMethod setUp" time="-1.599021963724E9">
    <failure type="org.testng.TestNGException" message="
Parameter &amp;apos;url&amp;apos; is required by BeforeMethod on method setUp but has not been marked @Optional or defined
">
      <![CDATA[org.testng.TestNGException: 
Parameter 'url' is required by BeforeMethod on method setUp but has not been marked @Optional or defined

at java.base/java.util.ArrayList.forEach(ArrayList.java:1540)
... Removed 33 stack frames]]>
    </failure>
  </testcase> <!-- @BeforeMethod setUp -->
  <testcase classname="homeTest.TodayDealTest" name="@BeforeMethod init" time="-1.599021963725E9">
    <skipped/>
  </testcase> <!-- @BeforeMethod init -->
  <testcase classname="base.CommonAPI" name="@AfterMethod cleanUp" time="0.001">
    <failure type="java.lang.NullPointerException">
      <![CDATA[java.lang.NullPointerException
at base.CommonAPI.cleanUp(CommonAPI.java:58)
at java.base/java.util.ArrayList.forEach(ArrayList.java:1540)
... Removed 37 stack frames]]>
    </failure>
  </testcase> <!-- @AfterMethod cleanUp -->
  <testcase classname="base.CommonAPI" name="@BeforeMethod setUp" time="-1.599021963727E9">
    <failure type="org.testng.TestNGException" message="
Parameter &amp;apos;url&amp;apos; is required by BeforeMethod on method setUp but has not been marked @Optional or defined
">
      <![CDATA[org.testng.TestNGException: 
Parameter 'url' is required by BeforeMethod on method setUp but has not been marked @Optional or defined

at java.base/java.util.ArrayList.forEach(ArrayList.java:1540)
... Removed 33 stack frames]]>
    </failure>
  </testcase> <!-- @BeforeMethod setUp -->
  <testcase classname="homeTest.CouponsTest" name="@BeforeMethod init" time="-1.599021963727E9">
    <skipped/>
  </testcase> <!-- @BeforeMethod init -->
  <testcase classname="base.CommonAPI" name="@AfterMethod cleanUp" time="0.0">
    <failure type="java.lang.NullPointerException">
      <![CDATA[java.lang.NullPointerException
at base.CommonAPI.cleanUp(CommonAPI.java:58)
at java.base/java.util.ArrayList.forEach(ArrayList.java:1540)
... Removed 37 stack frames]]>
    </failure>
  </testcase> <!-- @AfterMethod cleanUp -->
  <testcase classname="base.CommonAPI" name="@BeforeMethod setUp" time="-1.599021963728E9">
    <failure type="org.testng.TestNGException" message="
Parameter &amp;apos;url&amp;apos; is required by BeforeMethod on method setUp but has not been marked @Optional or defined
">
      <![CDATA[org.testng.TestNGException: 
Parameter 'url' is required by BeforeMethod on method setUp but has not been marked @Optional or defined

at java.base/java.util.ArrayList.forEach(ArrayList.java:1540)
... Removed 33 stack frames]]>
    </failure>
  </testcase> <!-- @BeforeMethod setUp -->
  <testcase classname="homeTest.NewReleasesTest" name="@BeforeMethod init" time="-1.599021963729E9">
    <skipped/>
  </testcase> <!-- @BeforeMethod init -->
  <testcase classname="base.CommonAPI" name="@AfterMethod cleanUp" time="0.001">
    <failure type="java.lang.NullPointerException">
      <![CDATA[java.lang.NullPointerException
at base.CommonAPI.cleanUp(CommonAPI.java:58)
at java.base/java.util.ArrayList.forEach(ArrayList.java:1540)
... Removed 37 stack frames]]>
    </failure>
  </testcase> <!-- @AfterMethod cleanUp -->
  <testcase classname="base.CommonAPI" name="@BeforeMethod setUp" time="-1.59902196373E9">
    <failure type="org.testng.TestNGException" message="
Parameter &amp;apos;url&amp;apos; is required by BeforeMethod on method setUp but has not been marked @Optional or defined
">
      <![CDATA[org.testng.TestNGException: 
Parameter 'url' is required by BeforeMethod on method setUp but has not been marked @Optional or defined

at java.base/java.util.ArrayList.forEach(ArrayList.java:1540)
... Removed 33 stack frames]]>
    </failure>
  </testcase> <!-- @BeforeMethod setUp -->
  <testcase classname="homeTest.GiftCardsTest" name="@BeforeMethod init" time="-1.599021963731E9">
    <skipped/>
  </testcase> <!-- @BeforeMethod init -->
  <testcase classname="base.CommonAPI" name="@AfterMethod cleanUp" time="0.001">
    <failure type="java.lang.NullPointerException">
      <![CDATA[java.lang.NullPointerException
at base.CommonAPI.cleanUp(CommonAPI.java:58)
at java.base/java.util.ArrayList.forEach(ArrayList.java:1540)
... Removed 37 stack frames]]>
    </failure>
  </testcase> <!-- @AfterMethod cleanUp -->
  <testcase classname="base.CommonAPI" name="@BeforeMethod setUp" time="-1.599021963732E9">
    <failure type="org.testng.TestNGException" message="
Parameter &amp;apos;url&amp;apos; is required by BeforeMethod on method setUp but has not been marked @Optional or defined
">
      <![CDATA[org.testng.TestNGException: 
Parameter 'url' is required by BeforeMethod on method setUp but has not been marked @Optional or defined

at java.base/java.util.ArrayList.forEach(ArrayList.java:1540)
... Removed 33 stack frames]]>
    </failure>
  </testcase> <!-- @BeforeMethod setUp -->
  <testcase classname="homeTest.HomePageTest" name="@BeforeMethod init" time="-1.599021963733E9">
    <skipped/>
  </testcase> <!-- @BeforeMethod init -->
  <testcase classname="base.CommonAPI" name="@AfterMethod cleanUp" time="0.0">
    <failure type="java.lang.NullPointerException">
      <![CDATA[java.lang.NullPointerException
at base.CommonAPI.cleanUp(CommonAPI.java:58)
at java.base/java.util.ArrayList.forEach(ArrayList.java:1540)
... Removed 37 stack frames]]>
    </failure>
  </testcase> <!-- @AfterMethod cleanUp -->
  <testcase classname="base.CommonAPI" name="@BeforeMethod setUp" time="-1.599021963734E9">
    <failure type="org.testng.TestNGException" message="
Parameter &amp;apos;url&amp;apos; is required by BeforeMethod on method setUp but has not been marked @Optional or defined
">
      <![CDATA[org.testng.TestNGException: 
Parameter 'url' is required by BeforeMethod on method setUp but has not been marked @Optional or defined

at java.base/java.util.ArrayList.forEach(ArrayList.java:1540)
... Removed 33 stack frames]]>
    </failure>
  </testcase> <!-- @BeforeMethod setUp -->
  <testcase classname="homeTest.FoundItOnAmazonTest" name="@BeforeMethod init" time="-1.599021963735E9">
    <skipped/>
  </testcase> <!-- @BeforeMethod init -->
  <testcase classname="base.CommonAPI" name="@AfterMethod cleanUp" time="0.001">
    <failure type="java.lang.NullPointerException">
      <![CDATA[java.lang.NullPointerException
at base.CommonAPI.cleanUp(CommonAPI.java:58)
at java.base/java.util.ArrayList.forEach(ArrayList.java:1540)
... Removed 37 stack frames]]>
    </failure>
  </testcase> <!-- @AfterMethod cleanUp -->
  <testcase classname="base.CommonAPI" name="@BeforeMethod setUp" time="-1.599021963736E9">
    <failure type="org.testng.TestNGException" message="
Parameter &amp;apos;url&amp;apos; is required by BeforeMethod on method setUp but has not been marked @Optional or defined
">
      <![CDATA[org.testng.TestNGException: 
Parameter 'url' is required by BeforeMethod on method setUp but has not been marked @Optional or defined

at java.base/java.util.ArrayList.forEach(ArrayList.java:1540)
... Removed 33 stack frames]]>
    </failure>
  </testcase> <!-- @BeforeMethod setUp -->
  <testcase classname="homeTest.WholeFoodsTest" name="@BeforeMethod init" time="-1.599021963737E9">
    <skipped/>
  </testcase> <!-- @BeforeMethod init -->
  <testcase classname="base.CommonAPI" name="@AfterMethod cleanUp" time="0.001">
    <failure type="java.lang.NullPointerException">
      <![CDATA[java.lang.NullPointerException
at base.CommonAPI.cleanUp(CommonAPI.java:58)
at java.base/java.util.ArrayList.forEach(ArrayList.java:1540)
... Removed 37 stack frames]]>
    </failure>
  </testcase> <!-- @AfterMethod cleanUp -->
  <testcase classname="base.CommonAPI" name="@BeforeMethod setUp" time="-1.59902196374E9">
    <failure type="org.testng.TestNGException" message="
Parameter &amp;apos;url&amp;apos; is required by BeforeMethod on method setUp but has not been marked @Optional or defined
">
      <![CDATA[org.testng.TestNGException: 
Parameter 'url' is required by BeforeMethod on method setUp but has not been marked @Optional or defined

at java.base/java.util.ArrayList.forEach(ArrayList.java:1540)
... Removed 33 stack frames]]>
    </failure>
  </testcase> <!-- @BeforeMethod setUp -->
  <testcase classname="accountTest.SigningClassTest" name="@BeforeMethod init" time="-1.59902196374E9">
    <skipped/>
  </testcase> <!-- @BeforeMethod init -->
  <testcase classname="base.CommonAPI" name="@AfterMethod cleanUp" time="0.0">
    <failure type="java.lang.NullPointerException">
      <![CDATA[java.lang.NullPointerException
at base.CommonAPI.cleanUp(CommonAPI.java:58)
at java.base/java.util.ArrayList.forEach(ArrayList.java:1540)
... Removed 36 stack frames]]>
    </failure>
  </testcase> <!-- @AfterMethod cleanUp -->
  <testcase classname="base.CommonAPI" name="@BeforeMethod setUp" time="-1.599021963741E9">
    <skipped/>
  </testcase> <!-- @BeforeMethod setUp -->
  <testcase classname="accountTest.SigningClassTest" name="@BeforeMethod init" time="-1.599021963741E9">
    <skipped/>
  </testcase> <!-- @BeforeMethod init -->
  <testcase classname="base.CommonAPI" name="@AfterMethod cleanUp" time="0.001">
    <failure type="java.lang.NullPointerException">
      <![CDATA[java.lang.NullPointerException
at base.CommonAPI.cleanUp(CommonAPI.java:58)
at java.base/java.util.ArrayList.forEach(ArrayList.java:1540)
... Removed 36 stack frames]]>
    </failure>
  </testcase> <!-- @AfterMethod cleanUp -->
  <testcase classname="base.CommonAPI" name="@BeforeMethod setUp" time="-1.599021963742E9">
    <skipped/>
  </testcase> <!-- @BeforeMethod setUp -->
  <testcase classname="accountTest.SigningClassTest" name="@BeforeMethod init" time="-1.599021963742E9">
    <skipped/>
  </testcase> <!-- @BeforeMethod init -->
  <testcase classname="base.CommonAPI" name="@AfterMethod cleanUp" time="0.001">
    <failure type="java.lang.NullPointerException">
      <![CDATA[java.lang.NullPointerException
at base.CommonAPI.cleanUp(CommonAPI.java:58)
at java.base/java.util.ArrayList.forEach(ArrayList.java:1540)
... Removed 36 stack frames]]>
    </failure>
  </testcase> <!-- @AfterMethod cleanUp -->
  <testcase classname="base.CommonAPI" name="@BeforeMethod setUp" time="-1.599021963743E9">
    <skipped/>
  </testcase> <!-- @BeforeMethod setUp -->
  <testcase classname="accountTest.SigningClassTest" name="@BeforeMethod init" time="-1.599021963743E9">
    <skipped/>
  </testcase> <!-- @BeforeMethod init -->
  <testcase classname="base.CommonAPI" name="@AfterMethod cleanUp" time="0.0">
    <failure type="java.lang.NullPointerException">
      <![CDATA[java.lang.NullPointerException
at base.CommonAPI.cleanUp(CommonAPI.java:58)
at java.base/java.util.ArrayList.forEach(ArrayList.java:1540)
... Removed 36 stack frames]]>
    </failure>
  </testcase> <!-- @AfterMethod cleanUp -->
  <testcase classname="base.CommonAPI" name="@BeforeMethod setUp" time="-1.599021963745E9">
    <failure type="org.testng.TestNGException" message="
Parameter &amp;apos;url&amp;apos; is required by BeforeMethod on method setUp but has not been marked @Optional or defined
">
      <![CDATA[org.testng.TestNGException: 
Parameter 'url' is required by BeforeMethod on method setUp but has not been marked @Optional or defined

at java.base/java.util.ArrayList.forEach(ArrayList.java:1540)
... Removed 33 stack frames]]>
    </failure>
  </testcase> <!-- @BeforeMethod setUp -->
  <testcase classname="accountTest.CreateAccountActionTest" name="@BeforeMethod init" time="-1.599021963746E9">
    <skipped/>
  </testcase> <!-- @BeforeMethod init -->
  <testcase classname="base.CommonAPI" name="@AfterMethod cleanUp" time="0.001">
    <failure type="java.lang.NullPointerException">
      <![CDATA[java.lang.NullPointerException
at base.CommonAPI.cleanUp(CommonAPI.java:58)
at java.base/java.util.ArrayList.forEach(ArrayList.java:1540)
... Removed 36 stack frames]]>
    </failure>
  </testcase> <!-- @AfterMethod cleanUp -->
  <testcase classname="base.CommonAPI" name="@BeforeMethod setUp" time="-1.599021963747E9">
    <skipped/>
  </testcase> <!-- @BeforeMethod setUp -->
  <testcase classname="accountTest.CreateAccountActionTest" name="@BeforeMethod init" time="-1.599021963748E9">
    <skipped/>
  </testcase> <!-- @BeforeMethod init -->
  <testcase classname="base.CommonAPI" name="@AfterMethod cleanUp" time="0.0">
    <failure type="java.lang.NullPointerException">
      <![CDATA[java.lang.NullPointerException
at base.CommonAPI.cleanUp(CommonAPI.java:58)
at java.base/java.util.ArrayList.forEach(ArrayList.java:1540)
... Removed 36 stack frames]]>
    </failure>
  </testcase> <!-- @AfterMethod cleanUp -->
  <testcase classname="base.CommonAPI" name="@BeforeMethod setUp" time="-1.599021963749E9">
    <failure type="org.testng.TestNGException" message="
Parameter &amp;apos;url&amp;apos; is required by BeforeMethod on method setUp but has not been marked @Optional or defined
">
      <![CDATA[org.testng.TestNGException: 
Parameter 'url' is required by BeforeMethod on method setUp but has not been marked @Optional or defined

at java.base/java.util.ArrayList.forEach(ArrayList.java:1540)
... Removed 33 stack frames]]>
    </failure>
  </testcase> <!-- @BeforeMethod setUp -->
  <testcase classname="accountTest.CreateAccountTest" name="@BeforeMethod init" time="-1.59902196375E9">
    <skipped/>
  </testcase> <!-- @BeforeMethod init -->
  <testcase classname="base.CommonAPI" name="@AfterMethod cleanUp" time="0.0">
    <failure type="java.lang.NullPointerException">
      <![CDATA[java.lang.NullPointerException
at base.CommonAPI.cleanUp(CommonAPI.java:58)
at java.base/java.util.ArrayList.forEach(ArrayList.java:1540)
... Removed 36 stack frames]]>
    </failure>
  </testcase> <!-- @AfterMethod cleanUp -->
  <testcase classname="base.CommonAPI" name="@BeforeMethod setUp" time="-1.599021963751E9">
    <skipped/>
  </testcase> <!-- @BeforeMethod setUp -->
  <testcase classname="accountTest.CreateAccountTest" name="@BeforeMethod init" time="-1.599021963752E9">
    <skipped/>
  </testcase> <!-- @BeforeMethod init -->
  <testcase classname="base.CommonAPI" name="@AfterMethod cleanUp" time="0.0">
    <failure type="java.lang.NullPointerException">
      <![CDATA[java.lang.NullPointerException
at base.CommonAPI.cleanUp(CommonAPI.java:58)
at java.base/java.util.ArrayList.forEach(ArrayList.java:1540)
... Removed 36 stack frames]]>
    </failure>
  </testcase> <!-- @AfterMethod cleanUp -->
  <testcase classname="base.CommonAPI" name="@BeforeMethod setUp" time="-1.599021963753E9">
    <skipped/>
  </testcase> <!-- @BeforeMethod setUp -->
  <testcase classname="accountTest.CreateAccountTest" name="@BeforeMethod init" time="-1.599021963753E9">
    <skipped/>
  </testcase> <!-- @BeforeMethod init -->
  <testcase classname="base.CommonAPI" name="@AfterMethod cleanUp" time="0.0">
    <failure type="java.lang.NullPointerException">
      <![CDATA[java.lang.NullPointerException
at base.CommonAPI.cleanUp(CommonAPI.java:58)
at java.base/java.util.ArrayList.forEach(ArrayList.java:1540)
... Removed 36 stack frames]]>
    </failure>
  </testcase> <!-- @AfterMethod cleanUp -->
  <testcase classname="base.CommonAPI" name="@BeforeMethod setUp" time="-1.599021963754E9">
    <skipped/>
  </testcase> <!-- @BeforeMethod setUp -->
  <testcase classname="accountTest.CreateAccountTest" name="@BeforeMethod init" time="-1.599021963755E9">
    <skipped/>
  </testcase> <!-- @BeforeMethod init -->
  <testcase classname="base.CommonAPI" name="@AfterMethod cleanUp" time="0.0">
    <failure type="java.lang.NullPointerException">
      <![CDATA[java.lang.NullPointerException
at base.CommonAPI.cleanUp(CommonAPI.java:58)
at java.base/java.util.ArrayList.forEach(ArrayList.java:1540)
... Removed 36 stack frames]]>
    </failure>
  </testcase> <!-- @AfterMethod cleanUp -->
  <testcase classname="base.CommonAPI" name="@BeforeMethod setUp" time="-1.599021963756E9">
    <skipped/>
  </testcase> <!-- @BeforeMethod setUp -->
  <testcase classname="accountTest.CreateAccountTest" name="@BeforeMethod init" time="-1.599021963756E9">
    <skipped/>
  </testcase> <!-- @BeforeMethod init -->
  <testcase classname="base.CommonAPI" name="@AfterMethod cleanUp" time="0.0">
    <failure type="java.lang.NullPointerException">
      <![CDATA[java.lang.NullPointerException
at base.CommonAPI.cleanUp(CommonAPI.java:58)
at java.base/java.util.ArrayList.forEach(ArrayList.java:1540)
... Removed 36 stack frames]]>
    </failure>
  </testcase> <!-- @AfterMethod cleanUp -->
  <testcase classname="base.CommonAPI" name="@BeforeMethod setUp" time="-1.599021963757E9">
    <skipped/>
  </testcase> <!-- @BeforeMethod setUp -->
  <testcase classname="accountTest.CreateAccountTest" name="@BeforeMethod init" time="-1.599021963758E9">
    <skipped/>
  </testcase> <!-- @BeforeMethod init -->
  <testcase classname="base.CommonAPI" name="@AfterMethod cleanUp" time="0.0">
    <failure type="java.lang.NullPointerException">
      <![CDATA[java.lang.NullPointerException
at base.CommonAPI.cleanUp(CommonAPI.java:58)
at java.base/java.util.ArrayList.forEach(ArrayList.java:1540)
... Removed 36 stack frames]]>
    </failure>
  </testcase> <!-- @AfterMethod cleanUp -->
  <testcase classname="base.CommonAPI" name="@BeforeMethod setUp" time="-1.599021963758E9">
    <skipped/>
  </testcase> <!-- @BeforeMethod setUp -->
  <testcase classname="accountTest.CreateAccountTest" name="@BeforeMethod init" time="-1.599021963758E9">
    <skipped/>
  </testcase> <!-- @BeforeMethod init -->
  <testcase classname="base.CommonAPI" name="@AfterMethod cleanUp" time="0.0">
    <failure type="java.lang.NullPointerException">
      <![CDATA[java.lang.NullPointerException
at base.CommonAPI.cleanUp(CommonAPI.java:58)
at java.base/java.util.ArrayList.forEach(ArrayList.java:1540)
... Removed 36 stack frames]]>
    </failure>
  </testcase> <!-- @AfterMethod cleanUp -->
  <testcase classname="homeTest.BestSellerTest" name="setBestSellerTest" time="0.0">
    <skipped/>
  </testcase> <!-- setBestSellerTest -->
  <testcase classname="homeTest.BestSellerTest" name="setBestsellervalidationTest" time="0.0">
    <skipped/>
  </testcase> <!-- setBestsellervalidationTest -->
  <testcase classname="homeTest.BestSellerTest" name="testBabyTest" time="0.0">
    <skipped/>
  </testcase> <!-- testBabyTest -->
  <testcase classname="homeTest.CustomerServiceTest" name="setCustomerServiceTest" time="0.0">
    <skipped/>
  </testcase> <!-- setCustomerServiceTest -->
  <testcase classname="homeTest.RegistryTest" name="setRegistryTest" time="0.0">
    <skipped/>
  </testcase> <!-- setRegistryTest -->
  <testcase classname="homeTest.SellClassTest" name="setSellClassTest" time="0.0">
    <skipped/>
  </testcase> <!-- setSellClassTest -->
  <testcase classname="homeTest.FindAGiftTest" name="setFindAGiftTest" time="0.0">
    <skipped/>
  </testcase> <!-- setFindAGiftTest -->
  <testcase classname="homeTest.AmazonBasicsTest" name="setAmazonBasicsTest" time="0.0">
    <skipped/>
  </testcase> <!-- setAmazonBasicsTest -->
  <testcase classname="homeTest.FreeShippingTest" name="setFreeShippingTest" time="0.0">
    <skipped/>
  </testcase> <!-- setFreeShippingTest -->
  <testcase classname="homeTest.TodayDealTest" name="setTodayDealTest" time="0.0">
    <skipped/>
  </testcase> <!-- setTodayDealTest -->
  <testcase classname="homeTest.CouponsTest" name="setCouponsTest" time="0.0">
    <skipped/>
  </testcase> <!-- setCouponsTest -->
  <testcase classname="homeTest.NewReleasesTest" name="setNewReleaseTest" time="0.0">
    <skipped/>
  </testcase> <!-- setNewReleaseTest -->
  <testcase classname="homeTest.GiftCardsTest" name="setGiftCardsTest" time="0.0">
    <skipped/>
  </testcase> <!-- setGiftCardsTest -->
  <testcase classname="homeTest.HomePageTest" name="setHomePageTest" time="0.0">
    <skipped/>
  </testcase> <!-- setHomePageTest -->
  <testcase classname="homeTest.FoundItOnAmazonTest" name="setFoundItOnAmazonTest" time="0.0">
    <skipped/>
  </testcase> <!-- setFoundItOnAmazonTest -->
  <testcase classname="homeTest.WholeFoodsTest" name="setWholefoodsTest" time="0.0">
    <skipped/>
  </testcase> <!-- setWholefoodsTest -->
  <testcase classname="accountTest.SigningClassTest" name="setSigningTest" time="0.0">
    <skipped/>
  </testcase> <!-- setSigningTest -->
  <testcase classname="accountTest.SigningClassTest" name="setFieldTest" time="0.0">
    <skipped/>
  </testcase> <!-- setFieldTest -->
  <testcase classname="accountTest.SigningClassTest" name="setContinueButton" time="0.0">
    <skipped/>
  </testcase> <!-- setContinueButton -->
  <testcase classname="accountTest.SigningClassTest" name="setValidationText" time="0.0">
    <skipped/>
  </testcase> <!-- setValidationText -->
  <testcase classname="accountTest.CreateAccountActionTest" name="setSigningActionTest" time="0.0">
    <skipped/>
  </testcase> <!-- setSigningActionTest -->
  <testcase classname="accountTest.CreateAccountActionTest" name="setSigningActionTest2" time="0.0">
    <skipped/>
  </testcase> <!-- setSigningActionTest2 -->
  <testcase classname="accountTest.CreateAccountTest" name="setAccountButtonTest" time="0.0">
    <skipped/>
  </testcase> <!-- setAccountButtonTest -->
  <testcase classname="accountTest.CreateAccountTest" name="setCustomerNameTest" time="0.0">
    <skipped/>
  </testcase> <!-- setCustomerNameTest -->
  <testcase classname="accountTest.CreateAccountTest" name="setCustomerEmailTest" time="0.0">
    <skipped/>
  </testcase> <!-- setCustomerEmailTest -->
  <testcase classname="accountTest.CreateAccountTest" name="setPassWord1" time="0.0">
    <skipped/>
  </testcase> <!-- setPassWord1 -->
  <testcase classname="accountTest.CreateAccountTest" name="setPassWord2" time="0.0">
    <skipped/>
  </testcase> <!-- setPassWord2 -->
  <testcase classname="accountTest.CreateAccountTest" name="setAccountTest" time="0.0">
    <skipped/>
  </testcase> <!-- setAccountTest -->
  <testcase classname="accountTest.CreateAccountTest" name="setVerificationEmail" time="0.0">
    <skipped/>
  </testcase> <!-- setVerificationEmail -->
</testsuite> <!-- Surefire test -->
